{"/home/mikelon797/dev/extensions/ExtractMD/extension/background.js": {"path":"/home/mikelon797/dev/extensions/ExtractMD/extension/background.js","statementMap":{"0":{"start":{"line":2,"column":0},"end":{"line":24,"column":null}},"1":{"start":{"line":4,"column":2},"end":{"line":13,"column":null}},"2":{"start":{"line":6,"column":4},"end":{"line":11,"column":null}},"3":{"start":{"line":12,"column":4},"end":{"line":12,"column":null}},"4":{"start":{"line":15,"column":2},"end":{"line":23,"column":null}},"5":{"start":{"line":17,"column":4},"end":{"line":20,"column":null}},"6":{"start":{"line":22,"column":4},"end":{"line":22,"column":null}},"7":{"start":{"line":30,"column":2},"end":{"line":32,"column":null}},"8":{"start":{"line":31,"column":4},"end":{"line":31,"column":null}},"9":{"start":{"line":35,"column":0},"end":{"line":43,"column":null}},"10":{"start":{"line":36,"column":2},"end":{"line":42,"column":null}},"11":{"start":{"line":37,"column":4},"end":{"line":37,"column":null}},"12":{"start":{"line":38,"column":4},"end":{"line":38,"column":null}},"13":{"start":{"line":39,"column":9},"end":{"line":42,"column":null}},"14":{"start":{"line":40,"column":4},"end":{"line":40,"column":null}},"15":{"start":{"line":41,"column":4},"end":{"line":41,"column":null}},"16":{"start":{"line":46,"column":0},"end":{"line":62,"column":null}},"17":{"start":{"line":47,"column":2},"end":{"line":61,"column":null}},"18":{"start":{"line":48,"column":4},"end":{"line":60,"column":null}},"19":{"start":{"line":50,"column":20},"end":{"line":50,"column":82}},"20":{"start":{"line":51,"column":6},"end":{"line":51,"column":null}},"21":{"start":{"line":51,"column":27},"end":{"line":51,"column":null}},"22":{"start":{"line":54,"column":6},"end":{"line":57,"column":null}},"23":{"start":{"line":59,"column":6},"end":{"line":59,"column":null}},"24":{"start":{"line":67,"column":2},"end":{"line":72,"column":null}},"25":{"start":{"line":68,"column":4},"end":{"line":68,"column":null}},"26":{"start":{"line":69,"column":9},"end":{"line":72,"column":null}},"27":{"start":{"line":71,"column":4},"end":{"line":71,"column":null}}},"fnMap":{"0":{"name":"(anonymous_0)","decl":{"start":{"line":2,"column":36},"end":{"line":2,"column":41}},"loc":{"start":{"line":2,"column":51},"end":{"line":24,"column":1}},"line":2},"1":{"name":"copyTranscript","decl":{"start":{"line":27,"column":9},"end":{"line":27,"column":23}},"loc":{"start":{"line":27,"column":26},"end":{"line":33,"column":null}},"line":27},"2":{"name":"(anonymous_2)","decl":{"start":{"line":35,"column":37},"end":{"line":35,"column":38}},"loc":{"start":{"line":35,"column":72},"end":{"line":43,"column":1}},"line":35},"3":{"name":"(anonymous_3)","decl":{"start":{"line":46,"column":38},"end":{"line":46,"column":43}},"loc":{"start":{"line":46,"column":57},"end":{"line":62,"column":1}},"line":46},"4":{"name":"triggerCopy","decl":{"start":{"line":65,"column":9},"end":{"line":65,"column":20}},"loc":{"start":{"line":65,"column":23},"end":{"line":73,"column":1}},"line":65}},"branchMap":{"0":{"loc":{"start":{"line":4,"column":2},"end":{"line":13,"column":null}},"type":"if","locations":[{"start":{"line":4,"column":2},"end":{"line":13,"column":null}},{"start":{},"end":{}}],"line":4},"1":{"loc":{"start":{"line":4,"column":6},"end":{"line":4,"column":56}},"type":"binary-expr","locations":[{"start":{"line":4,"column":6},"end":{"line":4,"column":14}},{"start":{"line":4,"column":18},"end":{"line":4,"column":56}}],"line":4},"2":{"loc":{"start":{"line":30,"column":2},"end":{"line":32,"column":null}},"type":"if","locations":[{"start":{"line":30,"column":2},"end":{"line":32,"column":null}},{"start":{},"end":{}}],"line":30},"3":{"loc":{"start":{"line":36,"column":2},"end":{"line":42,"column":null}},"type":"if","locations":[{"start":{"line":36,"column":2},"end":{"line":42,"column":null}},{"start":{"line":39,"column":9},"end":{"line":42,"column":null}}],"line":36},"4":{"loc":{"start":{"line":36,"column":6},"end":{"line":36,"column":52}},"type":"binary-expr","locations":[{"start":{"line":36,"column":6},"end":{"line":36,"column":37}},{"start":{"line":36,"column":41},"end":{"line":36,"column":52}}],"line":36},"5":{"loc":{"start":{"line":39,"column":9},"end":{"line":42,"column":null}},"type":"if","locations":[{"start":{"line":39,"column":9},"end":{"line":42,"column":null}},{"start":{},"end":{}}],"line":39},"6":{"loc":{"start":{"line":39,"column":13},"end":{"line":39,"column":63}},"type":"binary-expr","locations":[{"start":{"line":39,"column":13},"end":{"line":39,"column":49}},{"start":{"line":39,"column":53},"end":{"line":39,"column":63}}],"line":39},"7":{"loc":{"start":{"line":47,"column":2},"end":{"line":61,"column":null}},"type":"if","locations":[{"start":{"line":47,"column":2},"end":{"line":61,"column":null}},{"start":{},"end":{}}],"line":47},"8":{"loc":{"start":{"line":51,"column":6},"end":{"line":51,"column":null}},"type":"if","locations":[{"start":{"line":51,"column":6},"end":{"line":51,"column":null}},{"start":{},"end":{}}],"line":51},"9":{"loc":{"start":{"line":51,"column":10},"end":{"line":51,"column":25}},"type":"binary-expr","locations":[{"start":{"line":51,"column":10},"end":{"line":51,"column":14}},{"start":{"line":51,"column":18},"end":{"line":51,"column":25}}],"line":51},"10":{"loc":{"start":{"line":67,"column":2},"end":{"line":72,"column":null}},"type":"if","locations":[{"start":{"line":67,"column":2},"end":{"line":72,"column":null}},{"start":{"line":69,"column":9},"end":{"line":72,"column":null}}],"line":67},"11":{"loc":{"start":{"line":69,"column":9},"end":{"line":72,"column":null}},"type":"if","locations":[{"start":{"line":69,"column":9},"end":{"line":72,"column":null}},{"start":{},"end":{}}],"line":69}},"s":{"0":0,"1":0,"2":0,"3":0,"4":0,"5":0,"6":0,"7":0,"8":0,"9":0,"10":0,"11":0,"12":0,"13":0,"14":0,"15":0,"16":0,"17":0,"18":0,"19":0,"20":0,"21":0,"22":0,"23":0,"24":0,"25":0,"26":0,"27":0},"f":{"0":0,"1":0,"2":0,"3":0,"4":0},"b":{"0":[0,0],"1":[0,0],"2":[0,0],"3":[0,0],"4":[0,0],"5":[0,0],"6":[0,0],"7":[0,0],"8":[0,0],"9":[0,0],"10":[0,0],"11":[0,0]},"meta":{"lastBranch":12,"lastFunction":5,"lastStatement":28,"seen":{"s:2:0:24:Infinity":0,"f:2:36:2:41":0,"b:4:2:13:Infinity:undefined:undefined:undefined:undefined":0,"s:4:2:13:Infinity":1,"b:4:6:4:14:4:18:4:56":1,"s:6:4:11:Infinity":2,"s:12:4:12:Infinity":3,"s:15:2:23:Infinity":4,"s:17:4:20:Infinity":5,"s:22:4:22:Infinity":6,"f:27:9:27:23":1,"b:30:2:32:Infinity:undefined:undefined:undefined:undefined":2,"s:30:2:32:Infinity":7,"s:31:4:31:Infinity":8,"s:35:0:43:Infinity":9,"f:35:37:35:38":2,"b:36:2:42:Infinity:39:9:42:Infinity":3,"s:36:2:42:Infinity":10,"b:36:6:36:37:36:41:36:52":4,"s:37:4:37:Infinity":11,"s:38:4:38:Infinity":12,"b:39:9:42:Infinity:undefined:undefined:undefined:undefined":5,"s:39:9:42:Infinity":13,"b:39:13:39:49:39:53:39:63":6,"s:40:4:40:Infinity":14,"s:41:4:41:Infinity":15,"s:46:0:62:Infinity":16,"f:46:38:46:43":3,"b:47:2:61:Infinity:undefined:undefined:undefined:undefined":7,"s:47:2:61:Infinity":17,"s:48:4:60:Infinity":18,"s:50:20:50:82":19,"b:51:6:51:Infinity:undefined:undefined:undefined:undefined":8,"s:51:6:51:Infinity":20,"b:51:10:51:14:51:18:51:25":9,"s:51:27:51:Infinity":21,"s:54:6:57:Infinity":22,"s:59:6:59:Infinity":23,"f:65:9:65:20":4,"b:67:2:72:Infinity:69:9:72:Infinity":10,"s:67:2:72:Infinity":24,"s:68:4:68:Infinity":25,"b:69:9:72:Infinity:undefined:undefined:undefined:undefined":11,"s:69:9:72:Infinity":26,"s:71:4:71:Infinity":27}}}
,"/home/mikelon797/dev/extensions/ExtractMD/extension/content.js": {"path":"/home/mikelon797/dev/extensions/ExtractMD/extension/content.js","statementMap":{"0":{"start":{"line":8,"column":2},"end":{"line":8,"column":null}},"1":{"start":{"line":8,"column":61},"end":{"line":8,"column":null}},"2":{"start":{"line":9,"column":21},"end":{"line":9,"column":89}},"3":{"start":{"line":10,"column":2},"end":{"line":10,"column":null}},"4":{"start":{"line":14,"column":19},"end":{"line":14,"column":38}},"5":{"start":{"line":15,"column":25},"end":{"line":15,"column":113}},"6":{"start":{"line":15,"column":78},"end":{"line":15,"column":86}},"7":{"start":{"line":15,"column":100},"end":{"line":15,"column":112}},"8":{"start":{"line":17,"column":2},"end":{"line":27,"column":null}},"9":{"start":{"line":18,"column":4},"end":{"line":18,"column":null}},"10":{"start":{"line":20,"column":4},"end":{"line":20,"column":null}},"11":{"start":{"line":22,"column":27},"end":{"line":22,"column":83}},"12":{"start":{"line":23,"column":4},"end":{"line":25,"column":null}},"13":{"start":{"line":24,"column":6},"end":{"line":24,"column":null}},"14":{"start":{"line":26,"column":4},"end":{"line":26,"column":null}},"15":{"start":{"line":29,"column":2},"end":{"line":41,"column":null}},"16":{"start":{"line":30,"column":4},"end":{"line":30,"column":null}},"17":{"start":{"line":31,"column":4},"end":{"line":31,"column":null}},"18":{"start":{"line":32,"column":3},"end":{"line":32,"column":null}},"19":{"start":{"line":33,"column":9},"end":{"line":41,"column":null}},"20":{"start":{"line":34,"column":4},"end":{"line":34,"column":null}},"21":{"start":{"line":35,"column":4},"end":{"line":35,"column":null}},"22":{"start":{"line":35,"column":32},"end":{"line":35,"column":53}},"23":{"start":{"line":36,"column":3},"end":{"line":36,"column":null}},"24":{"start":{"line":38,"column":4},"end":{"line":38,"column":null}},"25":{"start":{"line":39,"column":4},"end":{"line":39,"column":null}},"26":{"start":{"line":39,"column":32},"end":{"line":39,"column":58}},"27":{"start":{"line":40,"column":3},"end":{"line":40,"column":null}},"28":{"start":{"line":44,"column":0},"end":{"line":44,"column":null}},"29":{"start":{"line":47,"column":0},"end":{"line":61,"column":null}},"30":{"start":{"line":49,"column":16},"end":{"line":49,"column":68}},"31":{"start":{"line":50,"column":19},"end":{"line":50,"column":48}},"32":{"start":{"line":52,"column":2},"end":{"line":60,"column":null}},"33":{"start":{"line":53,"column":4},"end":{"line":59,"column":null}},"34":{"start":{"line":54,"column":6},"end":{"line":54,"column":null}},"35":{"start":{"line":58,"column":6},"end":{"line":58,"column":null}},"36":{"start":{"line":64,"column":14},"end":{"line":64,"column":34}},"37":{"start":{"line":65,"column":17},"end":{"line":70,"column":2}},"38":{"start":{"line":66,"column":2},"end":{"line":69,"column":null}},"39":{"start":{"line":67,"column":4},"end":{"line":67,"column":null}},"40":{"start":{"line":68,"column":4},"end":{"line":68,"column":null}},"41":{"start":{"line":71,"column":0},"end":{"line":71,"column":68}}},"fnMap":{"0":{"name":"isHNNewsPage","decl":{"start":{"line":7,"column":9},"end":{"line":7,"column":21}},"loc":{"start":{"line":7,"column":24},"end":{"line":11,"column":null}},"line":7},"1":{"name":"runInitForCurrentPage","decl":{"start":{"line":13,"column":15},"end":{"line":13,"column":36}},"loc":{"start":{"line":13,"column":39},"end":{"line":42,"column":null}},"line":13},"2":{"name":"(anonymous_2)","decl":{"start":{"line":15,"column":73},"end":{"line":15,"column":74}},"loc":{"start":{"line":15,"column":78},"end":{"line":15,"column":86}},"line":15},"3":{"name":"(anonymous_3)","decl":{"start":{"line":15,"column":95},"end":{"line":15,"column":96}},"loc":{"start":{"line":15,"column":100},"end":{"line":15,"column":112}},"line":15},"4":{"name":"(anonymous_4)","decl":{"start":{"line":35,"column":27},"end":{"line":35,"column":28}},"loc":{"start":{"line":35,"column":32},"end":{"line":35,"column":53}},"line":35},"5":{"name":"(anonymous_5)","decl":{"start":{"line":39,"column":27},"end":{"line":39,"column":28}},"loc":{"start":{"line":39,"column":32},"end":{"line":39,"column":58}},"line":39},"6":{"name":"(anonymous_6)","decl":{"start":{"line":47,"column":37},"end":{"line":47,"column":38}},"loc":{"start":{"line":47,"column":44},"end":{"line":61,"column":1}},"line":47},"7":{"name":"(anonymous_7)","decl":{"start":{"line":65,"column":38},"end":{"line":65,"column":39}},"loc":{"start":{"line":65,"column":44},"end":{"line":70,"column":1}},"line":65}},"branchMap":{"0":{"loc":{"start":{"line":8,"column":2},"end":{"line":8,"column":null}},"type":"if","locations":[{"start":{"line":8,"column":2},"end":{"line":8,"column":null}},{"start":{},"end":{}}],"line":8},"1":{"loc":{"start":{"line":15,"column":26},"end":{"line":15,"column":55}},"type":"binary-expr","locations":[{"start":{"line":15,"column":26},"end":{"line":15,"column":49}},{"start":{"line":15,"column":53},"end":{"line":15,"column":55}}],"line":15},"2":{"loc":{"start":{"line":17,"column":2},"end":{"line":27,"column":null}},"type":"if","locations":[{"start":{"line":17,"column":2},"end":{"line":27,"column":null}},{"start":{},"end":{}}],"line":17},"3":{"loc":{"start":{"line":23,"column":4},"end":{"line":25,"column":null}},"type":"if","locations":[{"start":{"line":23,"column":4},"end":{"line":25,"column":null}},{"start":{},"end":{}}],"line":23},"4":{"loc":{"start":{"line":29,"column":2},"end":{"line":41,"column":null}},"type":"if","locations":[{"start":{"line":29,"column":2},"end":{"line":41,"column":null}},{"start":{"line":33,"column":9},"end":{"line":41,"column":null}}],"line":29},"5":{"loc":{"start":{"line":29,"column":6},"end":{"line":29,"column":101}},"type":"binary-expr","locations":[{"start":{"line":29,"column":6},"end":{"line":29,"column":54}},{"start":{"line":29,"column":58},"end":{"line":29,"column":101}}],"line":29},"6":{"loc":{"start":{"line":33,"column":9},"end":{"line":41,"column":null}},"type":"if","locations":[{"start":{"line":33,"column":9},"end":{"line":41,"column":null}},{"start":{"line":37,"column":9},"end":{"line":41,"column":null}}],"line":33},"7":{"loc":{"start":{"line":33,"column":13},"end":{"line":33,"column":133}},"type":"binary-expr","locations":[{"start":{"line":33,"column":13},"end":{"line":33,"column":65}},{"start":{"line":33,"column":70},"end":{"line":33,"column":114}},{"start":{"line":33,"column":118},"end":{"line":33,"column":132}}],"line":33},"8":{"loc":{"start":{"line":50,"column":19},"end":{"line":50,"column":48}},"type":"cond-expr","locations":[{"start":{"line":50,"column":27},"end":{"line":50,"column":36}},{"start":{"line":50,"column":39},"end":{"line":50,"column":48}}],"line":50},"9":{"loc":{"start":{"line":52,"column":2},"end":{"line":60,"column":null}},"type":"if","locations":[{"start":{"line":52,"column":2},"end":{"line":60,"column":null}},{"start":{},"end":{}}],"line":52},"10":{"loc":{"start":{"line":52,"column":6},"end":{"line":52,"column":49}},"type":"binary-expr","locations":[{"start":{"line":52,"column":6},"end":{"line":52,"column":14}},{"start":{"line":52,"column":18},"end":{"line":52,"column":28}},{"start":{"line":52,"column":32},"end":{"line":52,"column":49}}],"line":52},"11":{"loc":{"start":{"line":53,"column":4},"end":{"line":59,"column":null}},"type":"if","locations":[{"start":{"line":53,"column":4},"end":{"line":59,"column":null}},{"start":{},"end":{}}],"line":53},"12":{"loc":{"start":{"line":66,"column":2},"end":{"line":69,"column":null}},"type":"if","locations":[{"start":{"line":66,"column":2},"end":{"line":69,"column":null}},{"start":{},"end":{}}],"line":66}},"s":{"0":0,"1":0,"2":0,"3":0,"4":0,"5":0,"6":0,"7":0,"8":0,"9":0,"10":0,"11":0,"12":0,"13":0,"14":0,"15":0,"16":0,"17":0,"18":0,"19":0,"20":0,"21":0,"22":0,"23":0,"24":0,"25":0,"26":0,"27":0,"28":0,"29":0,"30":0,"31":0,"32":0,"33":0,"34":0,"35":0,"36":0,"37":0,"38":0,"39":0,"40":0,"41":0},"f":{"0":0,"1":0,"2":0,"3":0,"4":0,"5":0,"6":0,"7":0},"b":{"0":[0,0],"1":[0,0],"2":[0,0],"3":[0,0],"4":[0,0],"5":[0,0],"6":[0,0],"7":[0,0,0],"8":[0,0],"9":[0,0],"10":[0,0,0],"11":[0,0],"12":[0,0]},"meta":{"lastBranch":13,"lastFunction":8,"lastStatement":42,"seen":{"f:7:9:7:21":0,"b:8:2:8:Infinity:undefined:undefined:undefined:undefined":0,"s:8:2:8:Infinity":0,"s:8:61:8:Infinity":1,"s:9:21:9:89":2,"s:10:2:10:Infinity":3,"f:13:15:13:36":1,"s:14:19:14:38":4,"s:15:25:15:113":5,"b:15:26:15:49:15:53:15:55":1,"f:15:73:15:74":2,"s:15:78:15:86":6,"f:15:95:15:96":3,"s:15:100:15:112":7,"b:17:2:27:Infinity:undefined:undefined:undefined:undefined":2,"s:17:2:27:Infinity":8,"s:18:4:18:Infinity":9,"s:20:4:20:Infinity":10,"s:22:27:22:83":11,"b:23:4:25:Infinity:undefined:undefined:undefined:undefined":3,"s:23:4:25:Infinity":12,"s:24:6:24:Infinity":13,"s:26:4:26:Infinity":14,"b:29:2:41:Infinity:33:9:41:Infinity":4,"s:29:2:41:Infinity":15,"b:29:6:29:54:29:58:29:101":5,"s:30:4:30:Infinity":16,"s:31:4:31:Infinity":17,"s:32:3:32:Infinity":18,"b:33:9:41:Infinity:37:9:41:Infinity":6,"s:33:9:41:Infinity":19,"b:33:13:33:65:33:70:33:114:33:118:33:132":7,"s:34:4:34:Infinity":20,"s:35:4:35:Infinity":21,"f:35:27:35:28":4,"s:35:32:35:53":22,"s:36:3:36:Infinity":23,"s:38:4:38:Infinity":24,"s:39:4:39:Infinity":25,"f:39:27:39:28":5,"s:39:32:39:58":26,"s:40:3:40:Infinity":27,"s:44:0:44:Infinity":28,"s:47:0:61:Infinity":29,"f:47:37:47:38":6,"s:49:16:49:68":30,"s:50:19:50:48":31,"b:50:27:50:36:50:39:50:48":8,"b:52:2:60:Infinity:undefined:undefined:undefined:undefined":9,"s:52:2:60:Infinity":32,"b:52:6:52:14:52:18:52:28:52:32:52:49":10,"b:53:4:59:Infinity:undefined:undefined:undefined:undefined":11,"s:53:4:59:Infinity":33,"s:54:6:54:Infinity":34,"s:58:6:58:Infinity":35,"s:64:14:64:34":36,"s:65:17:70:2":37,"f:65:38:65:39":7,"b:66:2:69:Infinity:undefined:undefined:undefined:undefined":12,"s:66:2:69:Infinity":38,"s:67:4:67:Infinity":39,"s:68:4:68:Infinity":40,"s:71:0:71:68":41}}}
,"/home/mikelon797/dev/extensions/ExtractMD/extension/popup.js": {"path":"/home/mikelon797/dev/extensions/ExtractMD/extension/popup.js","statementMap":{"0":{"start":{"line":4,"column":24},"end":{"line":36,"column":1}},"1":{"start":{"line":40,"column":4},"end":{"line":51,"column":null}},"2":{"start":{"line":41,"column":8},"end":{"line":47,"column":null}},"3":{"start":{"line":43,"column":12},"end":{"line":43,"column":null}},"4":{"start":{"line":46,"column":12},"end":{"line":46,"column":null}},"5":{"start":{"line":50,"column":8},"end":{"line":50,"column":null}},"6":{"start":{"line":54,"column":0},"end":{"line":639,"column":3}},"7":{"start":{"line":56,"column":4},"end":{"line":62,"column":null}},"8":{"start":{"line":57,"column":8},"end":{"line":61,"column":null}},"9":{"start":{"line":58,"column":12},"end":{"line":60,"column":null}},"10":{"start":{"line":59,"column":16},"end":{"line":59,"column":null}},"11":{"start":{"line":65,"column":38},"end":{"line":65,"column":82}},"12":{"start":{"line":66,"column":41},"end":{"line":66,"column":88}},"13":{"start":{"line":67,"column":43},"end":{"line":67,"column":92}},"14":{"start":{"line":68,"column":39},"end":{"line":68,"column":84}},"15":{"start":{"line":69,"column":33},"end":{"line":69,"column":72}},"16":{"start":{"line":70,"column":33},"end":{"line":70,"column":75}},"17":{"start":{"line":71,"column":36},"end":{"line":71,"column":78}},"18":{"start":{"line":72,"column":34},"end":{"line":72,"column":74}},"19":{"start":{"line":73,"column":37},"end":{"line":73,"column":80}},"20":{"start":{"line":74,"column":39},"end":{"line":74,"column":84}},"21":{"start":{"line":75,"column":37},"end":{"line":75,"column":80}},"22":{"start":{"line":76,"column":38},"end":{"line":76,"column":82}},"23":{"start":{"line":77,"column":40},"end":{"line":77,"column":86}},"24":{"start":{"line":78,"column":40},"end":{"line":78,"column":86}},"25":{"start":{"line":79,"column":38},"end":{"line":79,"column":82}},"26":{"start":{"line":80,"column":42},"end":{"line":80,"column":90}},"27":{"start":{"line":81,"column":49},"end":{"line":81,"column":104}},"28":{"start":{"line":82,"column":47},"end":{"line":82,"column":100}},"29":{"start":{"line":83,"column":44},"end":{"line":83,"column":94}},"30":{"start":{"line":84,"column":46},"end":{"line":84,"column":98}},"31":{"start":{"line":85,"column":33},"end":{"line":85,"column":72}},"32":{"start":{"line":86,"column":38},"end":{"line":86,"column":82}},"33":{"start":{"line":87,"column":22},"end":{"line":87,"column":55}},"34":{"start":{"line":88,"column":35},"end":{"line":88,"column":74}},"35":{"start":{"line":89,"column":44},"end":{"line":89,"column":94}},"36":{"start":{"line":90,"column":42},"end":{"line":90,"column":90}},"37":{"start":{"line":91,"column":45},"end":{"line":91,"column":96}},"38":{"start":{"line":92,"column":48},"end":{"line":92,"column":102}},"39":{"start":{"line":93,"column":45},"end":{"line":93,"column":96}},"40":{"start":{"line":94,"column":40},"end":{"line":94,"column":89}},"41":{"start":{"line":95,"column":49},"end":{"line":95,"column":104}},"42":{"start":{"line":96,"column":35},"end":{"line":96,"column":76}},"43":{"start":{"line":97,"column":35},"end":{"line":97,"column":84}},"44":{"start":{"line":98,"column":34},"end":{"line":98,"column":82}},"45":{"start":{"line":101,"column":22},"end":{"line":101,"column":66}},"46":{"start":{"line":102,"column":22},"end":{"line":102,"column":66}},"47":{"start":{"line":103,"column":28},"end":{"line":103,"column":73}},"48":{"start":{"line":106,"column":23},"end":{"line":106,"column":61}},"49":{"start":{"line":107,"column":24},"end":{"line":107,"column":63}},"50":{"start":{"line":108,"column":24},"end":{"line":108,"column":62}},"51":{"start":{"line":111,"column":4},"end":{"line":172,"column":null}},"52":{"start":{"line":112,"column":8},"end":{"line":112,"column":null}},"53":{"start":{"line":113,"column":8},"end":{"line":113,"column":null}},"54":{"start":{"line":114,"column":8},"end":{"line":114,"column":null}},"55":{"start":{"line":115,"column":8},"end":{"line":115,"column":null}},"56":{"start":{"line":116,"column":8},"end":{"line":116,"column":null}},"57":{"start":{"line":117,"column":8},"end":{"line":117,"column":null}},"58":{"start":{"line":118,"column":8},"end":{"line":118,"column":null}},"59":{"start":{"line":119,"column":8},"end":{"line":119,"column":null}},"60":{"start":{"line":120,"column":8},"end":{"line":120,"column":null}},"61":{"start":{"line":121,"column":8},"end":{"line":121,"column":null}},"62":{"start":{"line":122,"column":8},"end":{"line":122,"column":null}},"63":{"start":{"line":123,"column":8},"end":{"line":123,"column":null}},"64":{"start":{"line":124,"column":8},"end":{"line":124,"column":null}},"65":{"start":{"line":125,"column":8},"end":{"line":125,"column":null}},"66":{"start":{"line":126,"column":8},"end":{"line":126,"column":null}},"67":{"start":{"line":127,"column":8},"end":{"line":127,"column":null}},"68":{"start":{"line":128,"column":8},"end":{"line":128,"column":null}},"69":{"start":{"line":129,"column":8},"end":{"line":129,"column":null}},"70":{"start":{"line":130,"column":8},"end":{"line":130,"column":null}},"71":{"start":{"line":131,"column":8},"end":{"line":131,"column":null}},"72":{"start":{"line":132,"column":8},"end":{"line":132,"column":null}},"73":{"start":{"line":133,"column":8},"end":{"line":133,"column":null}},"74":{"start":{"line":134,"column":8},"end":{"line":134,"column":null}},"75":{"start":{"line":135,"column":8},"end":{"line":135,"column":null}},"76":{"start":{"line":136,"column":8},"end":{"line":136,"column":null}},"77":{"start":{"line":137,"column":8},"end":{"line":137,"column":null}},"78":{"start":{"line":138,"column":8},"end":{"line":138,"column":null}},"79":{"start":{"line":139,"column":8},"end":{"line":139,"column":null}},"80":{"start":{"line":140,"column":8},"end":{"line":140,"column":null}},"81":{"start":{"line":141,"column":8},"end":{"line":141,"column":null}},"82":{"start":{"line":142,"column":8},"end":{"line":142,"column":null}},"83":{"start":{"line":145,"column":8},"end":{"line":145,"column":null}},"84":{"start":{"line":148,"column":29},"end":{"line":148,"column":70}},"85":{"start":{"line":149,"column":27},"end":{"line":149,"column":66}},"86":{"start":{"line":151,"column":8},"end":{"line":155,"column":null}},"87":{"start":{"line":152,"column":23},"end":{"line":152,"column":63}},"88":{"start":{"line":153,"column":10},"end":{"line":153,"column":null}},"89":{"start":{"line":154,"column":10},"end":{"line":154,"column":null}},"90":{"start":{"line":156,"column":8},"end":{"line":160,"column":null}},"91":{"start":{"line":157,"column":23},"end":{"line":157,"column":66}},"92":{"start":{"line":158,"column":10},"end":{"line":158,"column":null}},"93":{"start":{"line":159,"column":10},"end":{"line":159,"column":null}},"94":{"start":{"line":161,"column":8},"end":{"line":165,"column":null}},"95":{"start":{"line":162,"column":23},"end":{"line":162,"column":66}},"96":{"start":{"line":163,"column":10},"end":{"line":163,"column":null}},"97":{"start":{"line":164,"column":10},"end":{"line":164,"column":null}},"98":{"start":{"line":166,"column":8},"end":{"line":170,"column":null}},"99":{"start":{"line":167,"column":23},"end":{"line":167,"column":63}},"100":{"start":{"line":168,"column":10},"end":{"line":168,"column":null}},"101":{"start":{"line":169,"column":10},"end":{"line":169,"column":null}},"102":{"start":{"line":171,"column":8},"end":{"line":171,"column":null}},"103":{"start":{"line":175,"column":4},"end":{"line":177,"column":null}},"104":{"start":{"line":176,"column":8},"end":{"line":176,"column":null}},"105":{"start":{"line":178,"column":4},"end":{"line":180,"column":null}},"106":{"start":{"line":179,"column":8},"end":{"line":179,"column":null}},"107":{"start":{"line":181,"column":4},"end":{"line":183,"column":null}},"108":{"start":{"line":182,"column":8},"end":{"line":182,"column":null}},"109":{"start":{"line":184,"column":4},"end":{"line":186,"column":null}},"110":{"start":{"line":185,"column":8},"end":{"line":185,"column":null}},"111":{"start":{"line":187,"column":4},"end":{"line":189,"column":null}},"112":{"start":{"line":188,"column":8},"end":{"line":188,"column":null}},"113":{"start":{"line":190,"column":4},"end":{"line":192,"column":null}},"114":{"start":{"line":191,"column":8},"end":{"line":191,"column":null}},"115":{"start":{"line":193,"column":4},"end":{"line":195,"column":null}},"116":{"start":{"line":194,"column":8},"end":{"line":194,"column":null}},"117":{"start":{"line":196,"column":4},"end":{"line":198,"column":null}},"118":{"start":{"line":197,"column":8},"end":{"line":197,"column":null}},"119":{"start":{"line":199,"column":4},"end":{"line":201,"column":null}},"120":{"start":{"line":200,"column":8},"end":{"line":200,"column":null}},"121":{"start":{"line":202,"column":4},"end":{"line":204,"column":null}},"122":{"start":{"line":203,"column":8},"end":{"line":203,"column":null}},"123":{"start":{"line":205,"column":4},"end":{"line":207,"column":null}},"124":{"start":{"line":206,"column":8},"end":{"line":206,"column":null}},"125":{"start":{"line":208,"column":4},"end":{"line":210,"column":null}},"126":{"start":{"line":209,"column":8},"end":{"line":209,"column":null}},"127":{"start":{"line":211,"column":4},"end":{"line":213,"column":null}},"128":{"start":{"line":212,"column":8},"end":{"line":212,"column":null}},"129":{"start":{"line":214,"column":4},"end":{"line":216,"column":null}},"130":{"start":{"line":215,"column":8},"end":{"line":215,"column":null}},"131":{"start":{"line":217,"column":4},"end":{"line":219,"column":null}},"132":{"start":{"line":218,"column":8},"end":{"line":218,"column":null}},"133":{"start":{"line":220,"column":4},"end":{"line":222,"column":null}},"134":{"start":{"line":221,"column":8},"end":{"line":221,"column":null}},"135":{"start":{"line":223,"column":4},"end":{"line":225,"column":null}},"136":{"start":{"line":224,"column":8},"end":{"line":224,"column":null}},"137":{"start":{"line":226,"column":4},"end":{"line":228,"column":null}},"138":{"start":{"line":227,"column":8},"end":{"line":227,"column":null}},"139":{"start":{"line":229,"column":4},"end":{"line":231,"column":null}},"140":{"start":{"line":230,"column":8},"end":{"line":230,"column":null}},"141":{"start":{"line":232,"column":4},"end":{"line":234,"column":null}},"142":{"start":{"line":233,"column":8},"end":{"line":233,"column":null}},"143":{"start":{"line":235,"column":4},"end":{"line":237,"column":null}},"144":{"start":{"line":236,"column":8},"end":{"line":236,"column":null}},"145":{"start":{"line":238,"column":4},"end":{"line":240,"column":null}},"146":{"start":{"line":239,"column":8},"end":{"line":239,"column":null}},"147":{"start":{"line":241,"column":4},"end":{"line":244,"column":null}},"148":{"start":{"line":242,"column":8},"end":{"line":242,"column":null}},"149":{"start":{"line":243,"column":8},"end":{"line":243,"column":null}},"150":{"start":{"line":245,"column":4},"end":{"line":247,"column":null}},"151":{"start":{"line":246,"column":8},"end":{"line":246,"column":null}},"152":{"start":{"line":248,"column":4},"end":{"line":250,"column":null}},"153":{"start":{"line":249,"column":8},"end":{"line":249,"column":null}},"154":{"start":{"line":251,"column":4},"end":{"line":255,"column":null}},"155":{"start":{"line":252,"column":18},"end":{"line":252,"column":65}},"156":{"start":{"line":253,"column":8},"end":{"line":253,"column":null}},"157":{"start":{"line":253,"column":35},"end":{"line":253,"column":null}},"158":{"start":{"line":254,"column":8},"end":{"line":254,"column":null}},"159":{"start":{"line":256,"column":4},"end":{"line":258,"column":null}},"160":{"start":{"line":257,"column":8},"end":{"line":257,"column":null}},"161":{"start":{"line":261,"column":24},"end":{"line":261,"column":141}},"162":{"start":{"line":264,"column":24},"end":{"line":264,"column":85}},"163":{"start":{"line":264,"column":50},"end":{"line":264,"column":58}},"164":{"start":{"line":264,"column":72},"end":{"line":264,"column":84}},"165":{"start":{"line":265,"column":8},"end":{"line":267,"column":null}},"166":{"start":{"line":266,"column":12},"end":{"line":266,"column":null}},"167":{"start":{"line":266,"column":43},"end":{"line":266,"column":null}},"168":{"start":{"line":268,"column":8},"end":{"line":268,"column":null}},"169":{"start":{"line":271,"column":4},"end":{"line":284,"column":null}},"170":{"start":{"line":272,"column":22},"end":{"line":272,"column":50}},"171":{"start":{"line":273,"column":24},"end":{"line":273,"column":46}},"172":{"start":{"line":275,"column":8},"end":{"line":283,"column":null}},"173":{"start":{"line":276,"column":12},"end":{"line":276,"column":null}},"174":{"start":{"line":277,"column":12},"end":{"line":277,"column":null}},"175":{"start":{"line":278,"column":12},"end":{"line":278,"column":null}},"176":{"start":{"line":279,"column":12},"end":{"line":279,"column":null}},"177":{"start":{"line":281,"column":12},"end":{"line":281,"column":null}},"178":{"start":{"line":282,"column":12},"end":{"line":282,"column":null}},"179":{"start":{"line":287,"column":8},"end":{"line":312,"column":null}},"180":{"start":{"line":288,"column":12},"end":{"line":311,"column":null}},"181":{"start":{"line":289,"column":16},"end":{"line":310,"column":null}},"182":{"start":{"line":290,"column":32},"end":{"line":290,"column":52}},"183":{"start":{"line":291,"column":35},"end":{"line":291,"column":47}},"184":{"start":{"line":292,"column":20},"end":{"line":292,"column":null}},"185":{"start":{"line":292,"column":33},"end":{"line":292,"column":null}},"186":{"start":{"line":294,"column":20},"end":{"line":309,"column":null}},"187":{"start":{"line":295,"column":47},"end":{"line":295,"column":124}},"188":{"start":{"line":295,"column":89},"end":{"line":295,"column":97}},"189":{"start":{"line":295,"column":111},"end":{"line":295,"column":123}},"190":{"start":{"line":296,"column":42},"end":{"line":296,"column":73}},"191":{"start":{"line":298,"column":24},"end":{"line":308,"column":null}},"192":{"start":{"line":299,"column":28},"end":{"line":299,"column":null}},"193":{"start":{"line":300,"column":28},"end":{"line":300,"column":null}},"194":{"start":{"line":301,"column":28},"end":{"line":301,"column":null}},"195":{"start":{"line":302,"column":28},"end":{"line":302,"column":null}},"196":{"start":{"line":304,"column":28},"end":{"line":304,"column":null}},"197":{"start":{"line":305,"column":28},"end":{"line":305,"column":null}},"198":{"start":{"line":306,"column":28},"end":{"line":306,"column":null}},"199":{"start":{"line":307,"column":28},"end":{"line":307,"column":null}},"200":{"start":{"line":315,"column":4},"end":{"line":353,"column":null}},"201":{"start":{"line":316,"column":8},"end":{"line":352,"column":null}},"202":{"start":{"line":317,"column":12},"end":{"line":351,"column":null}},"203":{"start":{"line":318,"column":16},"end":{"line":350,"column":null}},"204":{"start":{"line":319,"column":32},"end":{"line":319,"column":52}},"205":{"start":{"line":320,"column":35},"end":{"line":320,"column":47}},"206":{"start":{"line":322,"column":20},"end":{"line":325,"column":null}},"207":{"start":{"line":323,"column":24},"end":{"line":323,"column":null}},"208":{"start":{"line":324,"column":24},"end":{"line":324,"column":null}},"209":{"start":{"line":327,"column":20},"end":{"line":347,"column":null}},"210":{"start":{"line":328,"column":45},"end":{"line":328,"column":122}},"211":{"start":{"line":328,"column":87},"end":{"line":328,"column":95}},"212":{"start":{"line":328,"column":109},"end":{"line":328,"column":121}},"213":{"start":{"line":330,"column":24},"end":{"line":346,"column":null}},"214":{"start":{"line":332,"column":28},"end":{"line":332,"column":null}},"215":{"start":{"line":332,"column":72},"end":{"line":332,"column":84}},"216":{"start":{"line":333,"column":45},"end":{"line":333,"column":70}},"217":{"start":{"line":334,"column":28},"end":{"line":334,"column":null}},"218":{"start":{"line":335,"column":28},"end":{"line":335,"column":null}},"219":{"start":{"line":336,"column":28},"end":{"line":336,"column":null}},"220":{"start":{"line":337,"column":28},"end":{"line":337,"column":null}},"221":{"start":{"line":340,"column":28},"end":{"line":340,"column":null}},"222":{"start":{"line":341,"column":45},"end":{"line":341,"column":70}},"223":{"start":{"line":342,"column":28},"end":{"line":342,"column":null}},"224":{"start":{"line":343,"column":28},"end":{"line":343,"column":null}},"225":{"start":{"line":344,"column":28},"end":{"line":344,"column":null}},"226":{"start":{"line":345,"column":28},"end":{"line":345,"column":null}},"227":{"start":{"line":349,"column":20},"end":{"line":349,"column":null}},"228":{"start":{"line":356,"column":4},"end":{"line":359,"column":null}},"229":{"start":{"line":357,"column":8},"end":{"line":357,"column":null}},"230":{"start":{"line":358,"column":8},"end":{"line":358,"column":null}},"231":{"start":{"line":360,"column":4},"end":{"line":363,"column":null}},"232":{"start":{"line":361,"column":8},"end":{"line":361,"column":null}},"233":{"start":{"line":362,"column":8},"end":{"line":362,"column":null}},"234":{"start":{"line":364,"column":4},"end":{"line":367,"column":null}},"235":{"start":{"line":365,"column":8},"end":{"line":365,"column":null}},"236":{"start":{"line":366,"column":8},"end":{"line":366,"column":null}},"237":{"start":{"line":372,"column":28},"end":{"line":372,"column":68}},"238":{"start":{"line":373,"column":8},"end":{"line":404,"column":null}},"239":{"start":{"line":378,"column":12},"end":{"line":382,"column":null}},"240":{"start":{"line":379,"column":29},"end":{"line":379,"column":69}},"241":{"start":{"line":380,"column":16},"end":{"line":380,"column":null}},"242":{"start":{"line":381,"column":16},"end":{"line":381,"column":null}},"243":{"start":{"line":383,"column":12},"end":{"line":387,"column":null}},"244":{"start":{"line":384,"column":29},"end":{"line":384,"column":72}},"245":{"start":{"line":385,"column":16},"end":{"line":385,"column":null}},"246":{"start":{"line":386,"column":16},"end":{"line":386,"column":null}},"247":{"start":{"line":388,"column":12},"end":{"line":392,"column":null}},"248":{"start":{"line":389,"column":29},"end":{"line":389,"column":72}},"249":{"start":{"line":390,"column":16},"end":{"line":390,"column":null}},"250":{"start":{"line":391,"column":16},"end":{"line":391,"column":null}},"251":{"start":{"line":393,"column":12},"end":{"line":397,"column":null}},"252":{"start":{"line":394,"column":29},"end":{"line":394,"column":69}},"253":{"start":{"line":395,"column":16},"end":{"line":395,"column":null}},"254":{"start":{"line":396,"column":16},"end":{"line":396,"column":null}},"255":{"start":{"line":399,"column":12},"end":{"line":403,"column":null}},"256":{"start":{"line":400,"column":16},"end":{"line":400,"column":null}},"257":{"start":{"line":402,"column":16},"end":{"line":402,"column":null}},"258":{"start":{"line":409,"column":8},"end":{"line":409,"column":null}},"259":{"start":{"line":410,"column":8},"end":{"line":410,"column":null}},"260":{"start":{"line":411,"column":8},"end":{"line":411,"column":null}},"261":{"start":{"line":412,"column":8},"end":{"line":414,"column":null}},"262":{"start":{"line":413,"column":12},"end":{"line":413,"column":null}},"263":{"start":{"line":419,"column":8},"end":{"line":422,"column":null}},"264":{"start":{"line":420,"column":23},"end":{"line":420,"column":31}},"265":{"start":{"line":422,"column":25},"end":{"line":422,"column":70}},"266":{"start":{"line":426,"column":4},"end":{"line":472,"column":null}},"267":{"start":{"line":427,"column":8},"end":{"line":471,"column":null}},"268":{"start":{"line":429,"column":34},"end":{"line":429,"column":52}},"269":{"start":{"line":430,"column":12},"end":{"line":430,"column":55}},"270":{"start":{"line":433,"column":35},"end":{"line":433,"column":37}},"271":{"start":{"line":434,"column":12},"end":{"line":449,"column":null}},"272":{"start":{"line":436,"column":16},"end":{"line":439,"column":null}},"273":{"start":{"line":437,"column":20},"end":{"line":437,"column":null}},"274":{"start":{"line":438,"column":20},"end":{"line":438,"column":null}},"275":{"start":{"line":441,"column":16},"end":{"line":448,"column":null}},"276":{"start":{"line":442,"column":20},"end":{"line":444,"column":null}},"277":{"start":{"line":443,"column":24},"end":{"line":443,"column":null}},"278":{"start":{"line":447,"column":20},"end":{"line":447,"column":null}},"279":{"start":{"line":451,"column":12},"end":{"line":470,"column":null}},"280":{"start":{"line":452,"column":35},"end":{"line":457,"column":17}},"281":{"start":{"line":458,"column":29},"end":{"line":458,"column":106}},"282":{"start":{"line":459,"column":28},"end":{"line":459,"column":53}},"283":{"start":{"line":460,"column":26},"end":{"line":460,"column":53}},"284":{"start":{"line":461,"column":16},"end":{"line":461,"column":null}},"285":{"start":{"line":462,"column":16},"end":{"line":462,"column":null}},"286":{"start":{"line":463,"column":16},"end":{"line":463,"column":null}},"287":{"start":{"line":464,"column":16},"end":{"line":464,"column":null}},"288":{"start":{"line":465,"column":16},"end":{"line":468,"column":null}},"289":{"start":{"line":466,"column":20},"end":{"line":466,"column":null}},"290":{"start":{"line":467,"column":20},"end":{"line":467,"column":null}},"291":{"start":{"line":469,"column":16},"end":{"line":469,"column":null}},"292":{"start":{"line":475,"column":4},"end":{"line":478,"column":null}},"293":{"start":{"line":476,"column":8},"end":{"line":476,"column":null}},"294":{"start":{"line":477,"column":8},"end":{"line":477,"column":null}},"295":{"start":{"line":480,"column":4},"end":{"line":560,"column":null}},"296":{"start":{"line":481,"column":21},"end":{"line":481,"column":38}},"297":{"start":{"line":482,"column":8},"end":{"line":482,"column":null}},"298":{"start":{"line":482,"column":19},"end":{"line":482,"column":null}},"299":{"start":{"line":483,"column":23},"end":{"line":483,"column":39}},"300":{"start":{"line":484,"column":8},"end":{"line":558,"column":null}},"301":{"start":{"line":485,"column":12},"end":{"line":557,"column":null}},"302":{"start":{"line":486,"column":29},"end":{"line":486,"column":57}},"303":{"start":{"line":487,"column":16},"end":{"line":487,"column":null}},"304":{"start":{"line":487,"column":73},"end":{"line":487,"column":null}},"305":{"start":{"line":490,"column":16},"end":{"line":494,"column":null}},"306":{"start":{"line":491,"column":20},"end":{"line":493,"column":null}},"307":{"start":{"line":492,"column":24},"end":{"line":492,"column":null}},"308":{"start":{"line":496,"column":41},"end":{"line":496,"column":43}},"309":{"start":{"line":497,"column":31},"end":{"line":529,"column":17}},"310":{"start":{"line":532,"column":16},"end":{"line":540,"column":null}},"311":{"start":{"line":533,"column":20},"end":{"line":539,"column":null}},"312":{"start":{"line":534,"column":37},"end":{"line":534,"column":48}},"313":{"start":{"line":535,"column":36},"end":{"line":535,"column":54}},"314":{"start":{"line":536,"column":24},"end":{"line":538,"column":null}},"315":{"start":{"line":536,"column":48},"end":{"line":536,"column":null}},"316":{"start":{"line":537,"column":29},"end":{"line":538,"column":null}},"317":{"start":{"line":537,"column":52},"end":{"line":537,"column":null}},"318":{"start":{"line":538,"column":29},"end":{"line":538,"column":null}},"319":{"start":{"line":538,"column":52},"end":{"line":538,"column":null}},"320":{"start":{"line":543,"column":16},"end":{"line":545,"column":null}},"321":{"start":{"line":544,"column":20},"end":{"line":544,"column":null}},"322":{"start":{"line":550,"column":16},"end":{"line":553,"column":null}},"323":{"start":{"line":551,"column":20},"end":{"line":551,"column":null}},"324":{"start":{"line":552,"column":20},"end":{"line":552,"column":null}},"325":{"start":{"line":552,"column":37},"end":{"line":552,"column":54}},"326":{"start":{"line":555,"column":16},"end":{"line":555,"column":null}},"327":{"start":{"line":556,"column":16},"end":{"line":556,"column":null}},"328":{"start":{"line":559,"column":8},"end":{"line":559,"column":null}},"329":{"start":{"line":563,"column":25},"end":{"line":563,"column":66}},"330":{"start":{"line":564,"column":4},"end":{"line":572,"column":null}},"331":{"start":{"line":565,"column":8},"end":{"line":571,"column":null}},"332":{"start":{"line":566,"column":12},"end":{"line":566,"column":null}},"333":{"start":{"line":567,"column":30},"end":{"line":567,"column":53}},"334":{"start":{"line":568,"column":12},"end":{"line":570,"column":null}},"335":{"start":{"line":569,"column":16},"end":{"line":569,"column":null}},"336":{"start":{"line":576,"column":8},"end":{"line":581,"column":null}},"337":{"start":{"line":584,"column":26},"end":{"line":589,"column":9}},"338":{"start":{"line":592,"column":12},"end":{"line":595,"column":52}},"339":{"start":{"line":597,"column":33},"end":{"line":597,"column":74}},"340":{"start":{"line":598,"column":8},"end":{"line":603,"column":null}},"341":{"start":{"line":599,"column":12},"end":{"line":599,"column":null}},"342":{"start":{"line":600,"column":12},"end":{"line":600,"column":null}},"343":{"start":{"line":602,"column":12},"end":{"line":602,"column":null}},"344":{"start":{"line":608,"column":8},"end":{"line":608,"column":null}},"345":{"start":{"line":608,"column":31},"end":{"line":608,"column":null}},"346":{"start":{"line":610,"column":24},"end":{"line":610,"column":41}},"347":{"start":{"line":611,"column":8},"end":{"line":613,"column":null}},"348":{"start":{"line":612,"column":12},"end":{"line":612,"column":null}},"349":{"start":{"line":615,"column":22},"end":{"line":615,"column":34}},"350":{"start":{"line":616,"column":8},"end":{"line":618,"column":null}},"351":{"start":{"line":617,"column":12},"end":{"line":617,"column":null}},"352":{"start":{"line":620,"column":21},"end":{"line":620,"column":31}},"353":{"start":{"line":621,"column":8},"end":{"line":621,"column":null}},"354":{"start":{"line":626,"column":8},"end":{"line":628,"column":null}},"355":{"start":{"line":627,"column":12},"end":{"line":627,"column":null}},"356":{"start":{"line":630,"column":4},"end":{"line":630,"column":null}},"357":{"start":{"line":633,"column":4},"end":{"line":638,"column":null}},"358":{"start":{"line":634,"column":8},"end":{"line":637,"column":null}},"359":{"start":{"line":635,"column":12},"end":{"line":635,"column":null}},"360":{"start":{"line":636,"column":12},"end":{"line":636,"column":null}}},"fnMap":{"0":{"name":"saveSetting","decl":{"start":{"line":39,"column":16},"end":{"line":39,"column":27}},"loc":{"start":{"line":39,"column":40},"end":{"line":52,"column":null}},"line":39},"1":{"name":"(anonymous_1)","decl":{"start":{"line":54,"column":46},"end":{"line":54,"column":54}},"loc":{"start":{"line":54,"column":57},"end":{"line":639,"column":1}},"line":54},"2":{"name":"(anonymous_2)","decl":{"start":{"line":56,"column":55},"end":{"line":56,"column":63}},"loc":{"start":{"line":56,"column":72},"end":{"line":62,"column":5}},"line":56},"3":{"name":"(anonymous_3)","decl":{"start":{"line":58,"column":64},"end":{"line":58,"column":72}},"loc":{"start":{"line":58,"column":75},"end":{"line":60,"column":13}},"line":58},"4":{"name":"(anonymous_4)","decl":{"start":{"line":111,"column":38},"end":{"line":111,"column":46}},"loc":{"start":{"line":111,"column":54},"end":{"line":172,"column":5}},"line":111},"5":{"name":"(anonymous_5)","decl":{"start":{"line":175,"column":57},"end":{"line":175,"column":65}},"loc":{"start":{"line":175,"column":68},"end":{"line":177,"column":5}},"line":175},"6":{"name":"(anonymous_6)","decl":{"start":{"line":178,"column":60},"end":{"line":178,"column":68}},"loc":{"start":{"line":178,"column":72},"end":{"line":180,"column":5}},"line":178},"7":{"name":"(anonymous_7)","decl":{"start":{"line":181,"column":62},"end":{"line":181,"column":70}},"loc":{"start":{"line":181,"column":74},"end":{"line":183,"column":5}},"line":181},"8":{"name":"(anonymous_8)","decl":{"start":{"line":184,"column":58},"end":{"line":184,"column":66}},"loc":{"start":{"line":184,"column":70},"end":{"line":186,"column":5}},"line":184},"9":{"name":"(anonymous_9)","decl":{"start":{"line":187,"column":52},"end":{"line":187,"column":60}},"loc":{"start":{"line":187,"column":63},"end":{"line":189,"column":5}},"line":187},"10":{"name":"(anonymous_10)","decl":{"start":{"line":190,"column":51},"end":{"line":190,"column":59}},"loc":{"start":{"line":190,"column":62},"end":{"line":192,"column":5}},"line":190},"11":{"name":"(anonymous_11)","decl":{"start":{"line":193,"column":55},"end":{"line":193,"column":63}},"loc":{"start":{"line":193,"column":66},"end":{"line":195,"column":5}},"line":193},"12":{"name":"(anonymous_12)","decl":{"start":{"line":196,"column":53},"end":{"line":196,"column":61}},"loc":{"start":{"line":196,"column":64},"end":{"line":198,"column":5}},"line":196},"13":{"name":"(anonymous_13)","decl":{"start":{"line":199,"column":56},"end":{"line":199,"column":64}},"loc":{"start":{"line":199,"column":67},"end":{"line":201,"column":5}},"line":199},"14":{"name":"(anonymous_14)","decl":{"start":{"line":202,"column":58},"end":{"line":202,"column":66}},"loc":{"start":{"line":202,"column":69},"end":{"line":204,"column":5}},"line":202},"15":{"name":"(anonymous_15)","decl":{"start":{"line":205,"column":56},"end":{"line":205,"column":64}},"loc":{"start":{"line":205,"column":67},"end":{"line":207,"column":5}},"line":205},"16":{"name":"(anonymous_16)","decl":{"start":{"line":208,"column":57},"end":{"line":208,"column":65}},"loc":{"start":{"line":208,"column":68},"end":{"line":210,"column":5}},"line":208},"17":{"name":"(anonymous_17)","decl":{"start":{"line":211,"column":59},"end":{"line":211,"column":67}},"loc":{"start":{"line":211,"column":70},"end":{"line":213,"column":5}},"line":211},"18":{"name":"(anonymous_18)","decl":{"start":{"line":214,"column":59},"end":{"line":214,"column":67}},"loc":{"start":{"line":214,"column":70},"end":{"line":216,"column":5}},"line":214},"19":{"name":"(anonymous_19)","decl":{"start":{"line":217,"column":57},"end":{"line":217,"column":65}},"loc":{"start":{"line":217,"column":68},"end":{"line":219,"column":5}},"line":217},"20":{"name":"(anonymous_20)","decl":{"start":{"line":220,"column":61},"end":{"line":220,"column":69}},"loc":{"start":{"line":220,"column":72},"end":{"line":222,"column":5}},"line":220},"21":{"name":"(anonymous_21)","decl":{"start":{"line":223,"column":68},"end":{"line":223,"column":76}},"loc":{"start":{"line":223,"column":79},"end":{"line":225,"column":5}},"line":223},"22":{"name":"(anonymous_22)","decl":{"start":{"line":226,"column":66},"end":{"line":226,"column":74}},"loc":{"start":{"line":226,"column":77},"end":{"line":228,"column":5}},"line":226},"23":{"name":"(anonymous_23)","decl":{"start":{"line":229,"column":63},"end":{"line":229,"column":71}},"loc":{"start":{"line":229,"column":74},"end":{"line":231,"column":5}},"line":229},"24":{"name":"(anonymous_24)","decl":{"start":{"line":232,"column":65},"end":{"line":232,"column":73}},"loc":{"start":{"line":232,"column":76},"end":{"line":234,"column":5}},"line":232},"25":{"name":"(anonymous_25)","decl":{"start":{"line":235,"column":52},"end":{"line":235,"column":60}},"loc":{"start":{"line":235,"column":63},"end":{"line":237,"column":5}},"line":235},"26":{"name":"(anonymous_26)","decl":{"start":{"line":238,"column":57},"end":{"line":238,"column":65}},"loc":{"start":{"line":238,"column":68},"end":{"line":240,"column":5}},"line":238},"27":{"name":"(anonymous_27)","decl":{"start":{"line":241,"column":54},"end":{"line":241,"column":62}},"loc":{"start":{"line":241,"column":65},"end":{"line":244,"column":5}},"line":241},"28":{"name":"(anonymous_28)","decl":{"start":{"line":245,"column":63},"end":{"line":245,"column":71}},"loc":{"start":{"line":245,"column":74},"end":{"line":247,"column":5}},"line":245},"29":{"name":"(anonymous_29)","decl":{"start":{"line":248,"column":61},"end":{"line":248,"column":69}},"loc":{"start":{"line":248,"column":72},"end":{"line":250,"column":5}},"line":248},"30":{"name":"(anonymous_30)","decl":{"start":{"line":251,"column":58},"end":{"line":251,"column":66}},"loc":{"start":{"line":251,"column":69},"end":{"line":255,"column":5}},"line":251},"31":{"name":"(anonymous_31)","decl":{"start":{"line":256,"column":68},"end":{"line":256,"column":76}},"loc":{"start":{"line":256,"column":79},"end":{"line":258,"column":5}},"line":256},"32":{"name":"validateDomains","decl":{"start":{"line":263,"column":13},"end":{"line":263,"column":28}},"loc":{"start":{"line":263,"column":35},"end":{"line":269,"column":null}},"line":263},"33":{"name":"(anonymous_33)","decl":{"start":{"line":264,"column":45},"end":{"line":264,"column":46}},"loc":{"start":{"line":264,"column":50},"end":{"line":264,"column":58}},"line":264},"34":{"name":"(anonymous_34)","decl":{"start":{"line":264,"column":67},"end":{"line":264,"column":68}},"loc":{"start":{"line":264,"column":72},"end":{"line":264,"column":84}},"line":264},"35":{"name":"(anonymous_35)","decl":{"start":{"line":271,"column":53},"end":{"line":271,"column":61}},"loc":{"start":{"line":271,"column":64},"end":{"line":284,"column":5}},"line":271},"36":{"name":"updateIgnoreButtonState","decl":{"start":{"line":286,"column":13},"end":{"line":286,"column":36}},"loc":{"start":{"line":286,"column":39},"end":{"line":313,"column":null}},"line":286},"37":{"name":"(anonymous_37)","decl":{"start":{"line":287,"column":65},"end":{"line":287,"column":73}},"loc":{"start":{"line":287,"column":80},"end":{"line":312,"column":9}},"line":287},"38":{"name":"(anonymous_38)","decl":{"start":{"line":294,"column":68},"end":{"line":294,"column":76}},"loc":{"start":{"line":294,"column":84},"end":{"line":309,"column":21}},"line":294},"39":{"name":"(anonymous_39)","decl":{"start":{"line":295,"column":84},"end":{"line":295,"column":85}},"loc":{"start":{"line":295,"column":89},"end":{"line":295,"column":97}},"line":295},"40":{"name":"(anonymous_40)","decl":{"start":{"line":295,"column":106},"end":{"line":295,"column":107}},"loc":{"start":{"line":295,"column":111},"end":{"line":295,"column":123}},"line":295},"41":{"name":"(anonymous_41)","decl":{"start":{"line":315,"column":53},"end":{"line":315,"column":61}},"loc":{"start":{"line":315,"column":64},"end":{"line":353,"column":5}},"line":315},"42":{"name":"(anonymous_42)","decl":{"start":{"line":316,"column":65},"end":{"line":316,"column":73}},"loc":{"start":{"line":316,"column":80},"end":{"line":352,"column":9}},"line":316},"43":{"name":"(anonymous_43)","decl":{"start":{"line":327,"column":68},"end":{"line":327,"column":76}},"loc":{"start":{"line":327,"column":84},"end":{"line":347,"column":21}},"line":327},"44":{"name":"(anonymous_44)","decl":{"start":{"line":328,"column":82},"end":{"line":328,"column":83}},"loc":{"start":{"line":328,"column":87},"end":{"line":328,"column":95}},"line":328},"45":{"name":"(anonymous_45)","decl":{"start":{"line":328,"column":104},"end":{"line":328,"column":105}},"loc":{"start":{"line":328,"column":109},"end":{"line":328,"column":121}},"line":328},"46":{"name":"(anonymous_46)","decl":{"start":{"line":332,"column":67},"end":{"line":332,"column":68}},"loc":{"start":{"line":332,"column":72},"end":{"line":332,"column":84}},"line":332},"47":{"name":"(anonymous_47)","decl":{"start":{"line":356,"column":64},"end":{"line":356,"column":72}},"loc":{"start":{"line":356,"column":75},"end":{"line":359,"column":5}},"line":356},"48":{"name":"(anonymous_48)","decl":{"start":{"line":360,"column":67},"end":{"line":360,"column":75}},"loc":{"start":{"line":360,"column":78},"end":{"line":363,"column":5}},"line":360},"49":{"name":"(anonymous_49)","decl":{"start":{"line":364,"column":64},"end":{"line":364,"column":72}},"loc":{"start":{"line":364,"column":75},"end":{"line":367,"column":5}},"line":364},"50":{"name":"updateIntegrationVisibility","decl":{"start":{"line":370,"column":13},"end":{"line":370,"column":40}},"loc":{"start":{"line":370,"column":43},"end":{"line":405,"column":null}},"line":370},"51":{"name":"(anonymous_51)","decl":{"start":{"line":377,"column":11},"end":{"line":377,"column":19}},"loc":{"start":{"line":377,"column":27},"end":{"line":404,"column":9}},"line":377},"52":{"name":"showStatus","decl":{"start":{"line":408,"column":13},"end":{"line":408,"column":23}},"loc":{"start":{"line":408,"column":39},"end":{"line":415,"column":null}},"line":408},"53":{"name":"(anonymous_53)","decl":{"start":{"line":412,"column":19},"end":{"line":412,"column":20}},"loc":{"start":{"line":412,"column":25},"end":{"line":414,"column":9}},"line":412},"54":{"name":"getManifest","decl":{"start":{"line":418,"column":13},"end":{"line":418,"column":24}},"loc":{"start":{"line":418,"column":29},"end":{"line":423,"column":null}},"line":418},"55":{"name":"(anonymous_55)","decl":{"start":{"line":420,"column":18},"end":{"line":420,"column":19}},"loc":{"start":{"line":420,"column":23},"end":{"line":420,"column":31}},"line":420},"56":{"name":"(anonymous_56)","decl":{"start":{"line":422,"column":19},"end":{"line":422,"column":20}},"loc":{"start":{"line":422,"column":25},"end":{"line":422,"column":70}},"line":422},"57":{"name":"(anonymous_57)","decl":{"start":{"line":426,"column":40},"end":{"line":426,"column":48}},"loc":{"start":{"line":426,"column":51},"end":{"line":472,"column":5}},"line":426},"58":{"name":"(anonymous_58)","decl":{"start":{"line":427,"column":38},"end":{"line":427,"column":46}},"loc":{"start":{"line":427,"column":60},"end":{"line":471,"column":9}},"line":427},"59":{"name":"(anonymous_59)","decl":{"start":{"line":451,"column":24},"end":{"line":451,"column":32}},"loc":{"start":{"line":451,"column":43},"end":{"line":470,"column":13}},"line":451},"60":{"name":"(anonymous_60)","decl":{"start":{"line":465,"column":27},"end":{"line":465,"column":28}},"loc":{"start":{"line":465,"column":33},"end":{"line":468,"column":17}},"line":465},"61":{"name":"(anonymous_61)","decl":{"start":{"line":475,"column":40},"end":{"line":475,"column":48}},"loc":{"start":{"line":475,"column":51},"end":{"line":478,"column":5}},"line":475},"62":{"name":"(anonymous_62)","decl":{"start":{"line":480,"column":47},"end":{"line":480,"column":55}},"loc":{"start":{"line":480,"column":59},"end":{"line":560,"column":5}},"line":480},"63":{"name":"(anonymous_63)","decl":{"start":{"line":484,"column":24},"end":{"line":484,"column":32}},"loc":{"start":{"line":484,"column":37},"end":{"line":558,"column":9}},"line":484},"64":{"name":"(anonymous_64)","decl":{"start":{"line":550,"column":58},"end":{"line":550,"column":66}},"loc":{"start":{"line":550,"column":69},"end":{"line":553,"column":17}},"line":550},"65":{"name":"(anonymous_65)","decl":{"start":{"line":552,"column":31},"end":{"line":552,"column":32}},"loc":{"start":{"line":552,"column":37},"end":{"line":552,"column":54}},"line":552},"66":{"name":"(anonymous_66)","decl":{"start":{"line":564,"column":25},"end":{"line":564,"column":28}},"loc":{"start":{"line":564,"column":32},"end":{"line":572,"column":5}},"line":564},"67":{"name":"(anonymous_67)","decl":{"start":{"line":565,"column":38},"end":{"line":565,"column":46}},"loc":{"start":{"line":565,"column":49},"end":{"line":571,"column":9}},"line":565},"68":{"name":"renderKpiCounters","decl":{"start":{"line":575,"column":13},"end":{"line":575,"column":30}},"loc":{"start":{"line":575,"column":38},"end":{"line":604,"column":null}},"line":575},"69":{"name":"formatTimeSaved","decl":{"start":{"line":607,"column":13},"end":{"line":607,"column":28}},"loc":{"start":{"line":607,"column":43},"end":{"line":622,"column":null}},"line":607},"70":{"name":"loadKpiCounters","decl":{"start":{"line":625,"column":13},"end":{"line":625,"column":28}},"loc":{"start":{"line":625,"column":31},"end":{"line":629,"column":null}},"line":625},"71":{"name":"(anonymous_71)","decl":{"start":{"line":626,"column":52},"end":{"line":626,"column":60}},"loc":{"start":{"line":626,"column":68},"end":{"line":628,"column":9}},"line":626},"72":{"name":"(anonymous_72)","decl":{"start":{"line":633,"column":42},"end":{"line":633,"column":50}},"loc":{"start":{"line":633,"column":53},"end":{"line":638,"column":5}},"line":633},"73":{"name":"(anonymous_73)","decl":{"start":{"line":634,"column":105},"end":{"line":634,"column":113}},"loc":{"start":{"line":634,"column":116},"end":{"line":637,"column":9}},"line":634}},"branchMap":{"0":{"loc":{"start":{"line":40,"column":4},"end":{"line":51,"column":null}},"type":"if","locations":[{"start":{"line":40,"column":4},"end":{"line":51,"column":null}},{"start":{"line":48,"column":11},"end":{"line":51,"column":null}}],"line":40},"1":{"loc":{"start":{"line":41,"column":8},"end":{"line":47,"column":null}},"type":"if","locations":[{"start":{"line":41,"column":8},"end":{"line":47,"column":null}},{"start":{"line":44,"column":15},"end":{"line":47,"column":null}}],"line":41},"2":{"loc":{"start":{"line":57,"column":8},"end":{"line":61,"column":null}},"type":"if","locations":[{"start":{"line":57,"column":8},"end":{"line":61,"column":null}},{"start":{},"end":{}}],"line":57},"3":{"loc":{"start":{"line":137,"column":44},"end":{"line":137,"column":78}},"type":"binary-expr","locations":[{"start":{"line":137,"column":44},"end":{"line":137,"column":72}},{"start":{"line":137,"column":76},"end":{"line":137,"column":78}}],"line":137},"4":{"loc":{"start":{"line":142,"column":39},"end":{"line":142,"column":65}},"type":"binary-expr","locations":[{"start":{"line":142,"column":39},"end":{"line":142,"column":59}},{"start":{"line":142,"column":63},"end":{"line":142,"column":65}}],"line":142},"5":{"loc":{"start":{"line":151,"column":8},"end":{"line":155,"column":null}},"type":"if","locations":[{"start":{"line":151,"column":8},"end":{"line":155,"column":null}},{"start":{},"end":{}}],"line":151},"6":{"loc":{"start":{"line":151,"column":12},"end":{"line":151,"column":44}},"type":"binary-expr","locations":[{"start":{"line":151,"column":12},"end":{"line":151,"column":27}},{"start":{"line":151,"column":31},"end":{"line":151,"column":44}}],"line":151},"7":{"loc":{"start":{"line":153,"column":42},"end":{"line":153,"column":60}},"type":"cond-expr","locations":[{"start":{"line":153,"column":49},"end":{"line":153,"column":51}},{"start":{"line":153,"column":54},"end":{"line":153,"column":60}}],"line":153},"8":{"loc":{"start":{"line":154,"column":40},"end":{"line":154,"column":58}},"type":"cond-expr","locations":[{"start":{"line":154,"column":47},"end":{"line":154,"column":49}},{"start":{"line":154,"column":52},"end":{"line":154,"column":58}}],"line":154},"9":{"loc":{"start":{"line":156,"column":8},"end":{"line":160,"column":null}},"type":"if","locations":[{"start":{"line":156,"column":8},"end":{"line":160,"column":null}},{"start":{},"end":{}}],"line":156},"10":{"loc":{"start":{"line":156,"column":12},"end":{"line":156,"column":44}},"type":"binary-expr","locations":[{"start":{"line":156,"column":12},"end":{"line":156,"column":27}},{"start":{"line":156,"column":31},"end":{"line":156,"column":44}}],"line":156},"11":{"loc":{"start":{"line":158,"column":42},"end":{"line":158,"column":60}},"type":"cond-expr","locations":[{"start":{"line":158,"column":49},"end":{"line":158,"column":51}},{"start":{"line":158,"column":54},"end":{"line":158,"column":60}}],"line":158},"12":{"loc":{"start":{"line":159,"column":40},"end":{"line":159,"column":58}},"type":"cond-expr","locations":[{"start":{"line":159,"column":47},"end":{"line":159,"column":49}},{"start":{"line":159,"column":52},"end":{"line":159,"column":58}}],"line":159},"13":{"loc":{"start":{"line":161,"column":8},"end":{"line":165,"column":null}},"type":"if","locations":[{"start":{"line":161,"column":8},"end":{"line":165,"column":null}},{"start":{},"end":{}}],"line":161},"14":{"loc":{"start":{"line":161,"column":12},"end":{"line":161,"column":44}},"type":"binary-expr","locations":[{"start":{"line":161,"column":12},"end":{"line":161,"column":27}},{"start":{"line":161,"column":31},"end":{"line":161,"column":44}}],"line":161},"15":{"loc":{"start":{"line":163,"column":42},"end":{"line":163,"column":60}},"type":"cond-expr","locations":[{"start":{"line":163,"column":49},"end":{"line":163,"column":51}},{"start":{"line":163,"column":54},"end":{"line":163,"column":60}}],"line":163},"16":{"loc":{"start":{"line":164,"column":40},"end":{"line":164,"column":58}},"type":"cond-expr","locations":[{"start":{"line":164,"column":47},"end":{"line":164,"column":49}},{"start":{"line":164,"column":52},"end":{"line":164,"column":58}}],"line":164},"17":{"loc":{"start":{"line":166,"column":8},"end":{"line":170,"column":null}},"type":"if","locations":[{"start":{"line":166,"column":8},"end":{"line":170,"column":null}},{"start":{},"end":{}}],"line":166},"18":{"loc":{"start":{"line":166,"column":12},"end":{"line":166,"column":44}},"type":"binary-expr","locations":[{"start":{"line":166,"column":12},"end":{"line":166,"column":27}},{"start":{"line":166,"column":31},"end":{"line":166,"column":44}}],"line":166},"19":{"loc":{"start":{"line":168,"column":42},"end":{"line":168,"column":60}},"type":"cond-expr","locations":[{"start":{"line":168,"column":49},"end":{"line":168,"column":51}},{"start":{"line":168,"column":54},"end":{"line":168,"column":60}}],"line":168},"20":{"loc":{"start":{"line":169,"column":40},"end":{"line":169,"column":58}},"type":"cond-expr","locations":[{"start":{"line":169,"column":47},"end":{"line":169,"column":49}},{"start":{"line":169,"column":52},"end":{"line":169,"column":58}}],"line":169},"21":{"loc":{"start":{"line":171,"column":63},"end":{"line":171,"column":111}},"type":"cond-expr","locations":[{"start":{"line":171,"column":96},"end":{"line":171,"column":102}},{"start":{"line":171,"column":105},"end":{"line":171,"column":111}}],"line":171},"22":{"loc":{"start":{"line":243,"column":63},"end":{"line":243,"column":111}},"type":"cond-expr","locations":[{"start":{"line":243,"column":96},"end":{"line":243,"column":102}},{"start":{"line":243,"column":105},"end":{"line":243,"column":111}}],"line":243},"23":{"loc":{"start":{"line":253,"column":8},"end":{"line":253,"column":null}},"type":"if","locations":[{"start":{"line":253,"column":8},"end":{"line":253,"column":null}},{"start":{},"end":{}}],"line":253},"24":{"loc":{"start":{"line":253,"column":12},"end":{"line":253,"column":33}},"type":"binary-expr","locations":[{"start":{"line":253,"column":12},"end":{"line":253,"column":22}},{"start":{"line":253,"column":26},"end":{"line":253,"column":33}}],"line":253},"25":{"loc":{"start":{"line":266,"column":12},"end":{"line":266,"column":null}},"type":"if","locations":[{"start":{"line":266,"column":12},"end":{"line":266,"column":null}},{"start":{},"end":{}}],"line":266},"26":{"loc":{"start":{"line":275,"column":8},"end":{"line":283,"column":null}},"type":"if","locations":[{"start":{"line":275,"column":8},"end":{"line":283,"column":null}},{"start":{"line":280,"column":15},"end":{"line":283,"column":null}}],"line":275},"27":{"loc":{"start":{"line":275,"column":12},"end":{"line":275,"column":42}},"type":"binary-expr","locations":[{"start":{"line":275,"column":12},"end":{"line":275,"column":19}},{"start":{"line":275,"column":23},"end":{"line":275,"column":42}}],"line":275},"28":{"loc":{"start":{"line":288,"column":12},"end":{"line":311,"column":null}},"type":"if","locations":[{"start":{"line":288,"column":12},"end":{"line":311,"column":null}},{"start":{},"end":{}}],"line":288},"29":{"loc":{"start":{"line":288,"column":16},"end":{"line":288,"column":38}},"type":"binary-expr","locations":[{"start":{"line":288,"column":16},"end":{"line":288,"column":23}},{"start":{"line":288,"column":27},"end":{"line":288,"column":38}}],"line":288},"30":{"loc":{"start":{"line":292,"column":20},"end":{"line":292,"column":null}},"type":"if","locations":[{"start":{"line":292,"column":20},"end":{"line":292,"column":null}},{"start":{},"end":{}}],"line":292},"31":{"loc":{"start":{"line":298,"column":24},"end":{"line":308,"column":null}},"type":"if","locations":[{"start":{"line":298,"column":24},"end":{"line":308,"column":null}},{"start":{"line":303,"column":31},"end":{"line":308,"column":null}}],"line":298},"32":{"loc":{"start":{"line":317,"column":12},"end":{"line":351,"column":null}},"type":"if","locations":[{"start":{"line":317,"column":12},"end":{"line":351,"column":null}},{"start":{},"end":{}}],"line":317},"33":{"loc":{"start":{"line":317,"column":16},"end":{"line":317,"column":38}},"type":"binary-expr","locations":[{"start":{"line":317,"column":16},"end":{"line":317,"column":23}},{"start":{"line":317,"column":27},"end":{"line":317,"column":38}}],"line":317},"34":{"loc":{"start":{"line":322,"column":20},"end":{"line":325,"column":null}},"type":"if","locations":[{"start":{"line":322,"column":20},"end":{"line":325,"column":null}},{"start":{},"end":{}}],"line":322},"35":{"loc":{"start":{"line":330,"column":24},"end":{"line":346,"column":null}},"type":"if","locations":[{"start":{"line":330,"column":24},"end":{"line":346,"column":null}},{"start":{"line":338,"column":31},"end":{"line":346,"column":null}}],"line":330},"36":{"loc":{"start":{"line":378,"column":12},"end":{"line":382,"column":null}},"type":"if","locations":[{"start":{"line":378,"column":12},"end":{"line":382,"column":null}},{"start":{},"end":{}}],"line":378},"37":{"loc":{"start":{"line":378,"column":16},"end":{"line":378,"column":48}},"type":"binary-expr","locations":[{"start":{"line":378,"column":16},"end":{"line":378,"column":31}},{"start":{"line":378,"column":35},"end":{"line":378,"column":48}}],"line":378},"38":{"loc":{"start":{"line":380,"column":48},"end":{"line":380,"column":66}},"type":"cond-expr","locations":[{"start":{"line":380,"column":55},"end":{"line":380,"column":57}},{"start":{"line":380,"column":60},"end":{"line":380,"column":66}}],"line":380},"39":{"loc":{"start":{"line":381,"column":46},"end":{"line":381,"column":64}},"type":"cond-expr","locations":[{"start":{"line":381,"column":53},"end":{"line":381,"column":55}},{"start":{"line":381,"column":58},"end":{"line":381,"column":64}}],"line":381},"40":{"loc":{"start":{"line":383,"column":12},"end":{"line":387,"column":null}},"type":"if","locations":[{"start":{"line":383,"column":12},"end":{"line":387,"column":null}},{"start":{},"end":{}}],"line":383},"41":{"loc":{"start":{"line":383,"column":16},"end":{"line":383,"column":48}},"type":"binary-expr","locations":[{"start":{"line":383,"column":16},"end":{"line":383,"column":31}},{"start":{"line":383,"column":35},"end":{"line":383,"column":48}}],"line":383},"42":{"loc":{"start":{"line":385,"column":48},"end":{"line":385,"column":66}},"type":"cond-expr","locations":[{"start":{"line":385,"column":55},"end":{"line":385,"column":57}},{"start":{"line":385,"column":60},"end":{"line":385,"column":66}}],"line":385},"43":{"loc":{"start":{"line":386,"column":46},"end":{"line":386,"column":64}},"type":"cond-expr","locations":[{"start":{"line":386,"column":53},"end":{"line":386,"column":55}},{"start":{"line":386,"column":58},"end":{"line":386,"column":64}}],"line":386},"44":{"loc":{"start":{"line":388,"column":12},"end":{"line":392,"column":null}},"type":"if","locations":[{"start":{"line":388,"column":12},"end":{"line":392,"column":null}},{"start":{},"end":{}}],"line":388},"45":{"loc":{"start":{"line":388,"column":16},"end":{"line":388,"column":48}},"type":"binary-expr","locations":[{"start":{"line":388,"column":16},"end":{"line":388,"column":31}},{"start":{"line":388,"column":35},"end":{"line":388,"column":48}}],"line":388},"46":{"loc":{"start":{"line":390,"column":48},"end":{"line":390,"column":66}},"type":"cond-expr","locations":[{"start":{"line":390,"column":55},"end":{"line":390,"column":57}},{"start":{"line":390,"column":60},"end":{"line":390,"column":66}}],"line":390},"47":{"loc":{"start":{"line":391,"column":46},"end":{"line":391,"column":64}},"type":"cond-expr","locations":[{"start":{"line":391,"column":53},"end":{"line":391,"column":55}},{"start":{"line":391,"column":58},"end":{"line":391,"column":64}}],"line":391},"48":{"loc":{"start":{"line":393,"column":12},"end":{"line":397,"column":null}},"type":"if","locations":[{"start":{"line":393,"column":12},"end":{"line":397,"column":null}},{"start":{},"end":{}}],"line":393},"49":{"loc":{"start":{"line":393,"column":16},"end":{"line":393,"column":48}},"type":"binary-expr","locations":[{"start":{"line":393,"column":16},"end":{"line":393,"column":31}},{"start":{"line":393,"column":35},"end":{"line":393,"column":48}}],"line":393},"50":{"loc":{"start":{"line":395,"column":48},"end":{"line":395,"column":66}},"type":"cond-expr","locations":[{"start":{"line":395,"column":55},"end":{"line":395,"column":57}},{"start":{"line":395,"column":60},"end":{"line":395,"column":66}}],"line":395},"51":{"loc":{"start":{"line":396,"column":46},"end":{"line":396,"column":64}},"type":"cond-expr","locations":[{"start":{"line":396,"column":53},"end":{"line":396,"column":55}},{"start":{"line":396,"column":58},"end":{"line":396,"column":64}}],"line":396},"52":{"loc":{"start":{"line":399,"column":12},"end":{"line":403,"column":null}},"type":"if","locations":[{"start":{"line":399,"column":12},"end":{"line":403,"column":null}},{"start":{"line":401,"column":19},"end":{"line":403,"column":null}}],"line":399},"53":{"loc":{"start":{"line":436,"column":16},"end":{"line":439,"column":null}},"type":"if","locations":[{"start":{"line":436,"column":16},"end":{"line":439,"column":null}},{"start":{},"end":{}}],"line":436},"54":{"loc":{"start":{"line":441,"column":16},"end":{"line":448,"column":null}},"type":"if","locations":[{"start":{"line":441,"column":16},"end":{"line":448,"column":null}},{"start":{"line":445,"column":23},"end":{"line":448,"column":null}}],"line":441},"55":{"loc":{"start":{"line":442,"column":20},"end":{"line":444,"column":null}},"type":"if","locations":[{"start":{"line":442,"column":20},"end":{"line":444,"column":null}},{"start":{},"end":{}}],"line":442},"56":{"loc":{"start":{"line":453,"column":31},"end":{"line":453,"column":59}},"type":"binary-expr","locations":[{"start":{"line":453,"column":31},"end":{"line":453,"column":44}},{"start":{"line":453,"column":48},"end":{"line":453,"column":59}}],"line":453},"57":{"loc":{"start":{"line":454,"column":29},"end":{"line":454,"column":58}},"type":"binary-expr","locations":[{"start":{"line":454,"column":29},"end":{"line":454,"column":45}},{"start":{"line":454,"column":49},"end":{"line":454,"column":58}}],"line":454},"58":{"loc":{"start":{"line":482,"column":8},"end":{"line":482,"column":null}},"type":"if","locations":[{"start":{"line":482,"column":8},"end":{"line":482,"column":null}},{"start":{},"end":{}}],"line":482},"59":{"loc":{"start":{"line":487,"column":16},"end":{"line":487,"column":null}},"type":"if","locations":[{"start":{"line":487,"column":16},"end":{"line":487,"column":null}},{"start":{},"end":{}}],"line":487},"60":{"loc":{"start":{"line":487,"column":20},"end":{"line":487,"column":71}},"type":"binary-expr","locations":[{"start":{"line":487,"column":20},"end":{"line":487,"column":25}},{"start":{"line":487,"column":29},"end":{"line":487,"column":53}},{"start":{"line":487,"column":57},"end":{"line":487,"column":71}}],"line":487},"61":{"loc":{"start":{"line":490,"column":16},"end":{"line":494,"column":null}},"type":"if","locations":[{"start":{"line":490,"column":16},"end":{"line":494,"column":null}},{"start":{},"end":{}}],"line":490},"62":{"loc":{"start":{"line":491,"column":20},"end":{"line":493,"column":null}},"type":"if","locations":[{"start":{"line":491,"column":20},"end":{"line":493,"column":null}},{"start":{},"end":{}}],"line":491},"63":{"loc":{"start":{"line":491,"column":61},"end":{"line":491,"column":88}},"type":"binary-expr","locations":[{"start":{"line":491,"column":61},"end":{"line":491,"column":75}},{"start":{"line":491,"column":79},"end":{"line":491,"column":88}}],"line":491},"64":{"loc":{"start":{"line":533,"column":20},"end":{"line":539,"column":null}},"type":"if","locations":[{"start":{"line":533,"column":20},"end":{"line":539,"column":null}},{"start":{},"end":{}}],"line":533},"65":{"loc":{"start":{"line":536,"column":24},"end":{"line":538,"column":null}},"type":"if","locations":[{"start":{"line":536,"column":24},"end":{"line":538,"column":null}},{"start":{"line":537,"column":29},"end":{"line":538,"column":null}}],"line":536},"66":{"loc":{"start":{"line":537,"column":29},"end":{"line":538,"column":null}},"type":"if","locations":[{"start":{"line":537,"column":29},"end":{"line":538,"column":null}},{"start":{"line":538,"column":29},"end":{"line":538,"column":null}}],"line":537},"67":{"loc":{"start":{"line":537,"column":76},"end":{"line":537,"column":98}},"type":"binary-expr","locations":[{"start":{"line":537,"column":76},"end":{"line":537,"column":93}},{"start":{"line":537,"column":97},"end":{"line":537,"column":98}}],"line":537},"68":{"loc":{"start":{"line":538,"column":29},"end":{"line":538,"column":null}},"type":"if","locations":[{"start":{"line":538,"column":29},"end":{"line":538,"column":null}},{"start":{},"end":{}}],"line":538},"69":{"loc":{"start":{"line":543,"column":16},"end":{"line":545,"column":null}},"type":"if","locations":[{"start":{"line":543,"column":16},"end":{"line":545,"column":null}},{"start":{},"end":{}}],"line":543},"70":{"loc":{"start":{"line":543,"column":20},"end":{"line":543,"column":92}},"type":"binary-expr","locations":[{"start":{"line":543,"column":20},"end":{"line":543,"column":44}},{"start":{"line":543,"column":48},"end":{"line":543,"column":92}}],"line":543},"71":{"loc":{"start":{"line":568,"column":12},"end":{"line":570,"column":null}},"type":"if","locations":[{"start":{"line":568,"column":12},"end":{"line":570,"column":null}},{"start":{},"end":{}}],"line":568},"72":{"loc":{"start":{"line":577,"column":61},"end":{"line":577,"column":79}},"type":"binary-expr","locations":[{"start":{"line":577,"column":61},"end":{"line":577,"column":74}},{"start":{"line":577,"column":78},"end":{"line":577,"column":79}}],"line":577},"73":{"loc":{"start":{"line":578,"column":57},"end":{"line":578,"column":76}},"type":"binary-expr","locations":[{"start":{"line":578,"column":57},"end":{"line":578,"column":71}},{"start":{"line":578,"column":75},"end":{"line":578,"column":76}}],"line":578},"74":{"loc":{"start":{"line":579,"column":64},"end":{"line":579,"column":86}},"type":"binary-expr","locations":[{"start":{"line":579,"column":64},"end":{"line":579,"column":81}},{"start":{"line":579,"column":85},"end":{"line":579,"column":86}}],"line":579},"75":{"loc":{"start":{"line":580,"column":56},"end":{"line":580,"column":74}},"type":"binary-expr","locations":[{"start":{"line":580,"column":56},"end":{"line":580,"column":69}},{"start":{"line":580,"column":73},"end":{"line":580,"column":74}}],"line":580},"76":{"loc":{"start":{"line":592,"column":13},"end":{"line":592,"column":31}},"type":"binary-expr","locations":[{"start":{"line":592,"column":13},"end":{"line":592,"column":26}},{"start":{"line":592,"column":30},"end":{"line":592,"column":31}}],"line":592},"77":{"loc":{"start":{"line":593,"column":13},"end":{"line":593,"column":32}},"type":"binary-expr","locations":[{"start":{"line":593,"column":13},"end":{"line":593,"column":27}},{"start":{"line":593,"column":31},"end":{"line":593,"column":32}}],"line":593},"78":{"loc":{"start":{"line":594,"column":13},"end":{"line":594,"column":35}},"type":"binary-expr","locations":[{"start":{"line":594,"column":13},"end":{"line":594,"column":30}},{"start":{"line":594,"column":34},"end":{"line":594,"column":35}}],"line":594},"79":{"loc":{"start":{"line":595,"column":13},"end":{"line":595,"column":31}},"type":"binary-expr","locations":[{"start":{"line":595,"column":13},"end":{"line":595,"column":26}},{"start":{"line":595,"column":30},"end":{"line":595,"column":31}}],"line":595},"80":{"loc":{"start":{"line":598,"column":8},"end":{"line":603,"column":null}},"type":"if","locations":[{"start":{"line":598,"column":8},"end":{"line":603,"column":null}},{"start":{"line":601,"column":15},"end":{"line":603,"column":null}}],"line":598},"81":{"loc":{"start":{"line":608,"column":8},"end":{"line":608,"column":null}},"type":"if","locations":[{"start":{"line":608,"column":8},"end":{"line":608,"column":null}},{"start":{},"end":{}}],"line":608},"82":{"loc":{"start":{"line":611,"column":8},"end":{"line":613,"column":null}},"type":"if","locations":[{"start":{"line":611,"column":8},"end":{"line":613,"column":null}},{"start":{},"end":{}}],"line":611},"83":{"loc":{"start":{"line":616,"column":8},"end":{"line":618,"column":null}},"type":"if","locations":[{"start":{"line":616,"column":8},"end":{"line":618,"column":null}},{"start":{},"end":{}}],"line":616},"84":{"loc":{"start":{"line":627,"column":30},"end":{"line":627,"column":52}},"type":"binary-expr","locations":[{"start":{"line":627,"column":30},"end":{"line":627,"column":46}},{"start":{"line":627,"column":50},"end":{"line":627,"column":52}}],"line":627}},"s":{"0":2,"1":3,"2":2,"3":1,"4":1,"5":1,"6":2,"7":0,"8":0,"9":0,"10":0,"11":0,"12":0,"13":0,"14":0,"15":0,"16":0,"17":0,"18":0,"19":0,"20":0,"21":0,"22":0,"23":0,"24":0,"25":0,"26":0,"27":0,"28":0,"29":0,"30":0,"31":0,"32":0,"33":0,"34":0,"35":0,"36":0,"37":0,"38":0,"39":0,"40":0,"41":0,"42":0,"43":0,"44":0,"45":0,"46":0,"47":0,"48":0,"49":0,"50":0,"51":0,"52":0,"53":0,"54":0,"55":0,"56":0,"57":0,"58":0,"59":0,"60":0,"61":0,"62":0,"63":0,"64":0,"65":0,"66":0,"67":0,"68":0,"69":0,"70":0,"71":0,"72":0,"73":0,"74":0,"75":0,"76":0,"77":0,"78":0,"79":0,"80":0,"81":0,"82":0,"83":0,"84":0,"85":0,"86":0,"87":0,"88":0,"89":0,"90":0,"91":0,"92":0,"93":0,"94":0,"95":0,"96":0,"97":0,"98":0,"99":0,"100":0,"101":0,"102":0,"103":0,"104":0,"105":0,"106":0,"107":0,"108":0,"109":0,"110":0,"111":0,"112":0,"113":0,"114":0,"115":0,"116":0,"117":0,"118":0,"119":0,"120":0,"121":0,"122":0,"123":0,"124":0,"125":0,"126":0,"127":0,"128":0,"129":0,"130":0,"131":0,"132":0,"133":0,"134":0,"135":0,"136":0,"137":0,"138":0,"139":0,"140":0,"141":0,"142":0,"143":0,"144":0,"145":0,"146":0,"147":0,"148":0,"149":0,"150":0,"151":0,"152":0,"153":0,"154":0,"155":0,"156":0,"157":0,"158":0,"159":0,"160":0,"161":0,"162":0,"163":0,"164":0,"165":0,"166":0,"167":0,"168":0,"169":0,"170":0,"171":0,"172":0,"173":0,"174":0,"175":0,"176":0,"177":0,"178":0,"179":0,"180":0,"181":0,"182":0,"183":0,"184":0,"185":0,"186":0,"187":0,"188":0,"189":0,"190":0,"191":0,"192":0,"193":0,"194":0,"195":0,"196":0,"197":0,"198":0,"199":0,"200":0,"201":0,"202":0,"203":0,"204":0,"205":0,"206":0,"207":0,"208":0,"209":0,"210":0,"211":0,"212":0,"213":0,"214":0,"215":0,"216":0,"217":0,"218":0,"219":0,"220":0,"221":0,"222":0,"223":0,"224":0,"225":0,"226":0,"227":0,"228":0,"229":0,"230":0,"231":0,"232":0,"233":0,"234":0,"235":0,"236":0,"237":0,"238":0,"239":0,"240":0,"241":0,"242":0,"243":0,"244":0,"245":0,"246":0,"247":0,"248":0,"249":0,"250":0,"251":0,"252":0,"253":0,"254":0,"255":0,"256":0,"257":0,"258":0,"259":0,"260":0,"261":0,"262":0,"263":0,"264":0,"265":0,"266":0,"267":0,"268":0,"269":0,"270":0,"271":0,"272":0,"273":0,"274":0,"275":0,"276":0,"277":0,"278
[...]
nd":{}}],"line":96},"20":{"loc":{"start":{"line":98,"column":4},"end":{"line":101,"column":null}},"type":"if","locations":[{"start":{"line":98,"column":4},"end":{"line":101,"column":null}},{"start":{},"end":{}}],"line":98},"21":{"loc":{"start":{"line":100,"column":19},"end":{"line":100,"column":135}},"type":"cond-expr","locations":[{"start":{"line":100,"column":57},"end":{"line":100,"column":73}},{"start":{"line":100,"column":77},"end":{"line":100,"column":134}}],"line":100},"22":{"loc":{"start":{"line":102,"column":4},"end":{"line":102,"column":null}},"type":"if","locations":[{"start":{"line":102,"column":4},"end":{"line":102,"column":null}},{"start":{},"end":{}}],"line":102},"23":{"loc":{"start":{"line":102,"column":8},"end":{"line":102,"column":46}},"type":"binary-expr","locations":[{"start":{"line":102,"column":8},"end":{"line":102,"column":37}},{"start":{"line":102,"column":41},"end":{"line":102,"column":46}}],"line":102},"24":{"loc":{"start":{"line":103,"column":4},"end":{"line":103,"column":null}},"type":"if","locations":[{"start":{"line":103,"column":4},"end":{"line":103,"column":null}},{"start":{},"end":{}}],"line":103},"25":{"loc":{"start":{"line":103,"column":8},"end":{"line":103,"column":54}},"type":"binary-expr","locations":[{"start":{"line":103,"column":8},"end":{"line":103,"column":39}},{"start":{"line":103,"column":43},"end":{"line":103,"column":54}}],"line":103},"26":{"loc":{"start":{"line":104,"column":4},"end":{"line":104,"column":null}},"type":"if","locations":[{"start":{"line":104,"column":4},"end":{"line":104,"column":null}},{"start":{},"end":{}}],"line":104},"27":{"loc":{"start":{"line":104,"column":8},"end":{"line":104,"column":47}},"type":"binary-expr","locations":[{"start":{"line":104,"column":8},"end":{"line":104,"column":35}},{"start":{"line":104,"column":39},"end":{"line":104,"column":47}}],"line":104},"28":{"loc":{"start":{"line":105,"column":4},"end":{"line":105,"column":null}},"type":"if","locations":[{"start":{"line":105,"column":4},"end":{"line":105,"column":null}},{"start":{},"end":{}}],"line":105},"29":{"loc":{"start":{"line":110,"column":8},"end":{"line":133,"column":null}},"type":"if","locations":[{"start":{"line":110,"column":8},"end":{"line":133,"column":null}},{"start":{"line":117,"column":15},"end":{"line":133,"column":null}}],"line":110},"30":{"loc":{"start":{"line":114,"column":12},"end":{"line":114,"column":null}},"type":"if","locations":[{"start":{"line":114,"column":12},"end":{"line":114,"column":null}},{"start":{},"end":{}}],"line":114},"31":{"loc":{"start":{"line":120,"column":12},"end":{"line":130,"column":null}},"type":"if","locations":[{"start":{"line":120,"column":12},"end":{"line":130,"column":null}},{"start":{},"end":{}}],"line":120},"32":{"loc":{"start":{"line":120,"column":16},"end":{"line":120,"column":50}},"type":"binary-expr","locations":[{"start":{"line":120,"column":16},"end":{"line":120,"column":33}},{"start":{"line":120,"column":37},"end":{"line":120,"column":50}}],"line":120},"33":{"loc":{"start":{"line":122,"column":16},"end":{"line":129,"column":null}},"type":"if","locations":[{"start":{"line":122,"column":16},"end":{"line":129,"column":null}},{"start":{},"end":{}}],"line":122},"34":{"loc":{"start":{"line":125,"column":20},"end":{"line":125,"column":null}},"type":"if","locations":[{"start":{"line":125,"column":20},"end":{"line":125,"column":null}},{"start":{},"end":{}}],"line":125},"35":{"loc":{"start":{"line":137,"column":4},"end":{"line":141,"column":null}},"type":"if","locations":[{"start":{"line":137,"column":4},"end":{"line":141,"column":null}},{"start":{},"end":{}}],"line":137},"36":{"loc":{"start":{"line":138,"column":20},"end":{"line":138,"column":42}},"type":"binary-expr","locations":[{"start":{"line":138,"column":20},"end":{"line":138,"column":36}},{"start":{"line":138,"column":40},"end":{"line":138,"column":42}}],"line":138},"37":{"loc":{"start":{"line":139,"column":23},"end":{"line":139,"column":41}},"type":"binary-expr","locations":[{"start":{"line":139,"column":23},"end":{"line":139,"column":36}},{"start":{"line":139,"column":40},"end":{"line":139,"column":41}}],"line":139},"38":{"loc":{"start":{"line":145,"column":2},"end":{"line":149,"column":null}},"type":"if","locations":[{"start":{"line":145,"column":2},"end":{"line":149,"column":null}},{"start":{},"end":{}}],"line":145},"39":{"loc":{"start":{"line":158,"column":4},"end":{"line":173,"column":null}},"type":"if","locations":[{"start":{"line":158,"column":4},"end":{"line":173,"column":null}},{"start":{"line":163,"column":11},"end":{"line":173,"column":null}}],"line":158},"40":{"loc":{"start":{"line":160,"column":6},"end":{"line":162,"column":null}},"type":"if","locations":[{"start":{"line":160,"column":6},"end":{"line":162,"column":null}},{"start":{},"end":{}}],"line":160},"41":{"loc":{"start":{"line":163,"column":11},"end":{"line":173,"column":null}},"type":"if","locations":[{"start":{"line":163,"column":11},"end":{"line":173,"column":null}},{"start":{},"end":{}}],"line":163},"42":{"loc":{"start":{"line":166,"column":6},"end":{"line":172,"column":null}},"type":"if","locations":[{"start":{"line":166,"column":6},"end":{"line":172,"column":null}},{"start":{},"end":{}}],"line":166},"43":{"loc":{"start":{"line":167,"column":8},"end":{"line":171,"column":null}},"type":"if","locations":[{"start":{"line":167,"column":8},"end":{"line":171,"column":null}},{"start":{"line":169,"column":15},"end":{"line":171,"column":null}}],"line":167},"44":{"loc":{"start":{"line":179,"column":44},"end":{"line":179,"column":59}},"type":"default-arg","locations":[{"start":{"line":179,"column":55},"end":{"line":179,"column":59}}],"line":179},"45":{"loc":{"start":{"line":182,"column":4},"end":{"line":193,"column":null}},"type":"if","locations":[{"start":{"line":182,"column":4},"end":{"line":193,"column":null}},{"start":{},"end":{}}],"line":182},"46":{"loc":{"start":{"line":197,"column":4},"end":{"line":199,"column":null}},"type":"if","locations":[{"start":{"line":197,"column":4},"end":{"line":199,"column":null}},{"start":{},"end":{}}],"line":197},"47":{"loc":{"start":{"line":197,"column":8},"end":{"line":197,"column":69}},"type":"binary-expr","locations":[{"start":{"line":197,"column":8},"end":{"line":197,"column":35}},{"start":{"line":197,"column":39},"end":{"line":197,"column":69}}],"line":197},"48":{"loc":{"start":{"line":211,"column":4},"end":{"line":211,"column":null}},"type":"if","locations":[{"start":{"line":211,"column":4},"end":{"line":211,"column":null}},{"start":{},"end":{}}],"line":211},"49":{"loc":{"start":{"line":213,"column":4},"end":{"line":220,"column":null}},"type":"if","locations":[{"start":{"line":213,"column":4},"end":{"line":220,"column":null}},{"start":{"line":218,"column":11},"end":{"line":220,"column":null}}],"line":213},"50":{"loc":{"start":{"line":225,"column":6},"end":{"line":232,"column":null}},"type":"if","locations":[{"start":{"line":225,"column":6},"end":{"line":232,"column":null}},{"start":{},"end":{}}],"line":225},"51":{"loc":{"start":{"line":227,"column":8},"end":{"line":230,"column":null}},"type":"if","locations":[{"start":{"line":227,"column":8},"end":{"line":230,"column":null}},{"start":{},"end":{}}],"line":227},"52":{"loc":{"start":{"line":227,"column":12},"end":{"line":227,"column":55}},"type":"binary-expr","locations":[{"start":{"line":227,"column":12},"end":{"line":227,"column":26}},{"start":{"line":227,"column":30},"end":{"line":227,"column":55}}],"line":227},"53":{"loc":{"start":{"line":252,"column":6},"end":{"line":255,"column":null}},"type":"if","locations":[{"start":{"line":252,"column":6},"end":{"line":255,"column":null}},{"start":{},"end":{}}],"line":252},"54":{"loc":{"start":{"line":266,"column":2},"end":{"line":266,"column":null}},"type":"if","locations":[{"start":{"line":266,"column":2},"end":{"line":266,"column":null}},{"start":{},"end":{}}],"line":266},"55":{"loc":{"start":{"line":266,"column":8},"end":{"line":266,"column":103}},"type":"binary-expr","locations":[{"start":{"line":266,"column":8},"end":{"line":266,"column":56}},{"start":{"line":266,"column":60},"end":{"line":266,"column":103}}],"line":266},"56":{"loc":{"start":{"line":267,"column":2},"end":{"line":270,"column":null}},"type":"if","locations":[{"start":{"line":267,"column":2},"end":{"line":270,"column":null}},{"start":{},"end":{}}],"line":267},"57":{"loc":{"start":{"line":297,"column":4},"end":{"line":302,"column":null}},"type":"if","locations":[{"start":{"line":297,"column":4},"end":{"line":302,"column":null}},{"start":{},"end":{}}],"line":297},"58":{"loc":{"start":{"line":305,"column":4},"end":{"line":310,"column":null}},"type":"if","locations":[{"start":{"line":305,"column":4},"end":{"line":310,"column":null}},{"start":{},"end":{}}],"line":305},"59":{"loc":{"start":{"line":313,"column":4},"end":{"line":313,"column":null}},"type":"if","locations":[{"start":{"line":313,"column":4},"end":{"line":313,"column":null}},{"start":{},"end":{}}],"line":313}},"s":{"0":0,"1":0,"2":0,"3":0,"4":0,"5":0,"6":0,"7":0,"8":0,"9":0,"10":0,"11":0,"12":0,"13":0,"14":0,"15":0,"16":0,"17":0,"18":0,"19":0,"20":0,"21":0,"22":0,"23":0,"24":0,"25":0,"26":0,"27":0,"28":0,"29":0,"30":0,"31":0,"32":0,"33":0,"34":0,"35":0,"36":0,"37":0,"38":0,"39":0,"40":0,"41":0,"42":0,"43":0,"44":0,"45":0,"46":0,"47":0,"48":0,"49":0,"50":0,"51":0,"52":0,"53":0,"54":0,"55":0,"56":0,"57":0,"58":0,"59":0,"60":0,"61":0,"62":0,"63":0,"64":0,"65":0,"66":0,"67":0,"68":0,"69":0,"70":0,"71":0,"72":0,"73":0,"74":0,"75":0,"76":0,"77":0,"78":0,"79":0,"80":0,"81":0,"82":0,"83":0,"84":0,"85":0,"86":0,"87":0,"88":0,"89":0,"90":0,"91":0,"92":0,"93":0,"94":0,"95":0,"96":0,"97":0,"98":0,"99":0,"100":0,"101":0,"102":0,"103":0,"104":0,"105":0,"106":0,"107":0,"108":0,"109":0,"110":0,"111":0,"112":0,"113":0,"114":0,"115":0,"116":0,"117":0,"118":0,"119":0,"120":0,"121":0,"122":0,"123":0,"124":0,"125":0,"126":0,"127":0,"128":0,"129":0,"130":0,"131":0,"132":0,"133":0,"134":0,"135":0,"136":0,"137":0,"138":0,"139":0,"140":0,"141":0,"142":0,"143":0,"144":0,"145":0,"146":0,"147":0,"148":0,"149":0,"150":0,"151":0,"152":0,"153":0,"154":0,"155":0,"156":0,"157":0,"158":0,"159":0,"160":0,"161":0,"162":0,"163":0,"164":0,"165":0,"166":0,"167":0,"168":0,"169":0,"170":0,"171":0,"172":0,"173":0,"174":0,"175":0,"176":0,"177":0,"178":0,"179":0,"180":0,"181":0,"182":0,"183":0,"184":0,"185":0,"186":0,"187":0,"188":0,"189":0,"190":0,"191":0,"192":0,"193":0,"194":0,"195":0,"196":0,"197":0,"198":0},"f":{"0":0,"1":0,"2":0,"3":0,"4":0,"5":0,"6":0,"7":0,"8":0,"9":0,"10":0,"11":0,"12":0,"13":0,"14":0,"15":0,"16":0,"17":0,"18":0,"19":0,"20":0,"21":0,"22":0,"23":0,"24":0},"b":{"0":[0,0],"1":[0,0,0,0],"2":[0,0],"3":[0,0],"4":[0,0],"5":[0,0],"6":[0,0],"7":[0,0],"8":[0,0],"9":[0,0],"10":[0,0],"11":[0,0],"12":[0,0],"13":[0],"14":[0,0],"15":[0,0],"16":[0,0],"17":[0,0],"18":[0,0,0],"19":[0,0],"20":[0,0],"21":[0,0],"22":[0,0],"23":[0,0],"24":[0,0],"25":[0,0],"26":[0,0],"27":[0,0],"28":[0,0],"29":[0,0],"30":[0,0],"31":[0,0],"32":[0,0],"33":[0,0],"34":[0,0],"35":[0,0],"36":[0,0],"37":[0,0],"38":[0,0],"39":[0,0],"40":[0,0],"41":[0,0],"42":[0,0],"43":[0,0],"44":[0],"45":[0,0],"46":[0,0],"47":[0,0],"48":[0,0],"49":[0,0],"50":[0,0],"51":[0,0],"52":[0,0],"53":[0,0],"54":[0,0],"55":[0,0],"56":[0,0],"57":[0,0],"58":[0,0],"59":[0,0]},"meta":{"lastBranch":60,"lastFunction":25,"lastStatement":199,"seen":{"s:5:21:5:25":0,"s:6:19:6:24":1,"s:7:17:7:37":2,"f:9:9:9:26":0,"b:10:2:15:Infinity:undefined:undefined:undefined:undefined":0,"s:10:2:15:Infinity":3,"b:10:6:10:32:11:6:11:38:12:6:12:35:13:6:13:34":1,"s:14:4:14:Infinity":4,"s:16:28:16:91":5,"b:17:2:19:Infinity:undefined:undefined:undefined:undefined":2,"s:17:2:19:Infinity":6,"b:17:6:17:23:17:27:17:84":3,"s:18:4:18:Infinity":7,"s:20:27:20:89":8,"b:21:2:23:Infinity:undefined:undefined:undefined:undefined":4,"s:21:2:23:Infinity":9,"b:21:6:21:22:21:26:21:82":5,"s:22:4:22:Infinity":10,"s:24:2:24:Infinity":11,"f:27:9:27:31":1,"b:28:2:28:Infinity:undefined:undefined:undefined:undefined":6,"s:28:2:28:Infinity":12,"s:28:23:28:Infinity":13,"b:29:2:33:Infinity:31:9:33:Infinity":7,"s:29:2:33:Infinity":14,"s:30:4:30:Infinity":15,"s:32:4:32:Infinity":16,"f:36:9:36:28":2,"s:37:25:37:64":17,"b:38:2:44:Infinity:undefined:undefined:undefined:undefined":8,"s:38:2:44:Infinity":18,"s:39:4:43:Infinity":19,"f:47:15:47:32":3,"s:48:23:48:74":20,"b:49:2:52:Infinity:undefined:undefined:undefined:undefined":9,"s:49:2:52:Infinity":21,"s:50:4:50:Infinity":22,"s:51:4:51:Infinity":23,"f:55:15:55:34":4,"s:56:29:56:33":24,"s:57:17:57:18":25,"s:58:22:58:24":26,"s:59:2:65:Infinity":27,"b:59:9:59:30:59:34:59:56":10,"s:60:4:60:Infinity":28,"b:61:4:64:Infinity:undefined:undefined:undefined:undefined":11,"s:61:4:64:Infinity":29,"s:62:6:62:Infinity":30,"s:63:6:63:Infinity":31,"b:66:2:70:Infinity:68:9:70:Infinity":12,"s:66:2:70:Infinity":32,"s:67:4:67:Infinity":33,"s:69:4:69:Infinity":34,"f:73:15:73:39":5,"b:73:51:73:53":13,"s:74:28:74:32":35,"s:75:17:75:18":36,"s:76:22:76:24":37,"s:77:2:83:Infinity":38,"b:77:9:77:29:77:33:77:55":14,"s:78:4:78:Infinity":39,"b:79:4:82:Infinity:undefined:undefined:undefined:undefined":15,"s:79:4:82:Infinity":40,"s:80:6:80:Infinity":41,"s:81:6:81:Infinity":42,"b:84:2:87:Infinity:undefined:undefined:undefined:undefined":16,"s:84:2:87:Infinity":43,"s:85:3:85:Infinity":44,"s:86:4:86:Infinity":45,"s:88:23:88:46":46,"s:89:15:89:17":47,"b:90:2:106:Infinity:undefined:undefined:undefined:undefined":17,"s:90:2:106:Infinity":48,"b:90:6:90:35:90:39:90:70:90:74:90:101":18,"s:91:16:91:18":49,"s:92:22:92:24":50,"s:93:21:93:23":51,"s:94:19:94:39":52,"s:95:22:95:80":53,"b:96:4:96:Infinity:undefined:undefined:undefined:undefined":19,"s:96:4:96:Infinity":54,"s:96:19:96:Infinity":55,"s:97:24:97:81":56,"b:98:4:101:Infinity:undefined:undefined:undefined:undefined":20,"s:98:4:101:Infinity":57,"s:99:6:99:Infinity":58,"s:100:6:100:Infinity":59,"b:100:57:100:73:100:77:100:134":21,"b:102:4:102:Infinity:undefined:undefined:undefined:undefined":22,"s:102:4:102:Infinity":60,"b:102:8:102:37:102:41:102:46":23,"s:102:48:102:Infinity":61,"b:103:4:103:Infinity:undefined:undefined:undefined:undefined":24,"s:103:4:103:Infinity":62,"b:103:8:103:39:103:43:103:54":25,"s:103:56:103:Infinity":63,"b:104:4:104:Infinity:undefined:undefined:undefined:undefined":26,"s:104:4:104:Infinity":64,"b:104:8:104:35:104:39:104:47":27,"s:104:49:104:Infinity":65,"b:105:4:105:Infinity:undefined:undefined:undefined:undefined":28,"s:105:4:105:Infinity":66,"s:105:16:105:Infinity":67,"s:107:2:107:Infinity":68,"s:108:23:108:42":69,"s:109:2:134:Infinity":70,"f:109:87:109:95":6,"b:110:8:133:Infinity:117:15:133:Infinity":29,"s:110:8:133:Infinity":71,"s:112:24:112:26":72,"s:113:30:113:88":73,"b:114:12:114:Infinity:undefined:undefined:undefined:undefined":30,"s:114:12:114:Infinity":74,"s:114:27:114:Infinity":75,"s:115:11:115:Infinity":76,"s:116:11:116:Infinity":77,"s:119:28:119:70":78,"b:120:12:130:Infinity:undefined:undefined:undefined:undefined":31,"s:120:12:130:Infinity":79,"b:120:16:120:33:120:37:120:50":32,"s:121:30:121:60":80,"b:122:16:129:Infinity:undefined:undefined:undefined:undefined":33,"s:122:16:129:Infinity":81,"s:123:32:123:34":82,"s:124:38:124:96":83,"b:125:20:125:Infinity:undefined:undefined:undefined:undefined":34,"s:125:20:125:Infinity":84,"s:125:35:125:Infinity":85,"s:126:19:126:Infinity":86,"s:127:19:127:Infinity":87,"s:128:20:128:Infinity":88,"s:131:11:131:Infinity":89,"s:132:11:132:Infinity":90,"s:136:2:142:Infinity":91,"f:136:68:136:76":7,"b:137:4:141:Infinity:undefined:undefined:undefined:undefined":35,"s:137:4:141:Infinity":92,"s:138:20:138:42":93,"b:138:20:138:36:138:40:138:42":36,"s:139:6:139:Infinity":94,"b:139:23:139:36:139:40:139:41":37,"s:140:6:140:Infinity":95,"b:145:2:149:Infinity:undefined:undefined:undefined:undefined":38,"s:145:2:149:Infinity":96,"s:146:4:148:12":97,"f:146:15:146:16":8,"s:147:5:147:Infinity":98,"f:152:9:152:30":9,"s:153:19:153:79":99,"s:154:19:154:86":100,"s:155:19:155:21":101,"s:156:22:156:134":102,"s:157:2:174:Infinity":103,"f:157:22:157:29":10,"b:158:4:173:Infinity:163:11:173:Infinity":39,"s:158:4:173:Infinity":104,"s:159:25:159:102":105,"b:160:6:162:Infinity:undefined:undefined:undefined:undefined":40,"s:160:6:162:Infinity":106,"s:161:8:161:Infinity":107,"b:163:11:173:Infinity:undefined:undefined:undefined:undefined":41,"s:163:11:173:Infinity":108,"s:164:24:164:88":109,"s:165:19:165:78":110,"b:166:6:172:Infinity:undefined:undefined:undefined:undefined":42,"s:166:6:172:Infinity":111,"b:167:8:171:Infinity:169:15:171:Infinity":43,"s:167:8:171:Infinity":112,"s:168:10:168:Infinity":113,"s:170:10:170:Infinity":114,"s:175:2:175:Infinity":115,"f:179:22:179:43":11,"b:179:55:179:59":44,"s:180:2:203:Infinity":116,"s:181:25:181:33":117,"b:182:4:193:Infinity:undefined:undefined:undefined:undefined":45,"s:182:4:193:Infinity":118,"s:183:6:192:Infinity":119,"f:183:41:183:48":12,"s:184:8:191:Infinity":120,"s:194:4:194:Infinity":121,"s:195:4:195:Infinity":122,"s:196:4:196:Infinity":123,"b:197:4:199:Infinity:undefined:undefined:undefined:undefined":46,"s:197:4:199:Infinity":124,"b:197:8:197:35:197:39:197:69":47,"s:198:6:198:Infinity":125,"s:201:3:201:Infinity":126,"s:202:4:202:Infinity":127,"s:206:0:206:Infinity":128,"f:208:16:208:35":13,"s:209:2:209:Infinity":129,"s:210:2:261:Infinity":130,"f:210:62:210:70":14,"b:211:4:211:Infinity:undefined:undefined:undefined:undefined":48,"s:211:4:211:Infinity":131,"s:211:50:211:Infinity":132,"b:213:4:220:Infinity:218:11:220:Infinity":49,"s:213:4:220:Infinity":133,"s:214:6:217:Infinity":134,"f:214:52:214:53":15,"s:215:8:215:Infinity":135,"s:216:8:216:Infinity":136,"s:219:6:219:Infinity":137,"s:223:21:223:41":138,"s:224:21:233:6":139,"f:224:42:224:43":16,"b:225:6:232:Infinity:undefined:undefined:undefined:undefined":50,"s:225:6:232:Infinity":140,"s:226:8:226:Infinity":141,"b:227:8:230:Infinity:undefined:undefined:undefined:undefined":51,"s:227:8:230:Infinity":142,"b:227:12:227:26:227:30:227:55":52,"s:228:10:228:Infinity":143,"s:229:10:229:Infinity":144,"s:231:8:231:Infinity":145,"s:234:4:237:Infinity":146,"s:240:4:240:Infinity":147,"s:241:4:241:Infinity":148,"s:242:4:242:Infinity":149,"s:243:4:243:Infinity":150,"s:246:27:248:6":151,"f:246:48:246:49":17,"s:247:6:247:Infinity":152,"s:249:4:249:Infinity":153,"s:251:24:256:6":154,"f:251:45:251:46":18,"b:252:6:255:Infinity:undefined:undefined:undefined:undefined":53,"s:252:6:255:Infinity":155,"s:253:8:253:Infinity":156,"s:254:8:254:Infinity":157,"s:257:4:260:Infinity":158,"f:264:9:264:33":19,"s:265:2:265:Infinity":159,"b:266:2:266:Infinity:undefined:undefined:undefined:undefined":54,"s:266:2:266:Infinity":160,"b:266:8:266:56:266:60:266:103":55,"s:266:106:266:Infinity":161,"b:267:2:270:Infinity:undefined:undefined:undefined:undefined":56,"s:267:2:270:Infinity":162,"s:268:4:268:Infinity":163,"s:269:4:269:Infinity":164,"s:271:2:271:Infinity":165,"s:272:2:272:Infinity":166,"s:273:2:273:Infinity":167,"s:274:2:295:Infinity":168,"s:296:2:303:Infinity":169,"f:296:48:296:49":20,"b:297:4:302:Infinity:undefined:undefined:undefined:undefined":57,"s:297:4:302:Infinity":170,"s:298:6:298:Infinity":171,"s:299:6:299:Infinity":172,"s:300:6:300:Infinity":173,"s:301:6:301:Infinity":174,"s:304:2:311:Infinity":175,"f:304:48:304:49":21,"b:305:4:310:Infinity:undefined:undefined:undefined:undefined":58,"s:305:4:310:Infinity":176,"s:306:6:306:Infinity":177,"s:307:6:307:Infinity":178,"s:308:6:308:Infinity":179,"s:309:6:309:Infinity":180,"s:312:2:330:Infinity":181,"f:312:43:312:48":22,"b:313:4:313:Infinity:undefined:undefined:undefined:undefined":59,"s:313:4:313:Infinity":182,"s:313:22:313:Infinity":183,"s:314:4:314:Infinity":184,"s:315:3:315:Infinity":185,"s:316:4:329:Infinity":186,"s:317:6:317:Infinity":187,"s:318:5:318:Infinity":188,"s:319:6:322:Infinity":189,"f:319:17:319:18":23,"s:320:7:320:Infinity":190,"s:321:8:321:Infinity":191,"s:324:5:324:Infinity":192,"s:325:6:328:Infinity":193,"f:325:17:325:18":24,"s:326:7:326:Infinity":194,"s:327:8:327:Infinity":195,"s:331:2:331:Infinity":196,"s:332:2:332:Infinity":197,"s:333:2:333:Infinity":198}}}
}
